<?xml version="1.0" encoding="UTF-8"?><testsuites failures="72" name="dependency-check" tests="208"><testsuite failures="0" errors="0" time="0" id="0" name="$HOME/.m2/repository/org/eclipse/aether/aether-api/1.0.0.v20140518/aether-api-1.0.0.v20140518.jar" package="aether-api-1.0.0.v20140518.jar" skipped="0" tests="1" timestamp="2025-02-19T15:21:02.589602"><testcase classname="dependency-check" name="aether-api-1.0.0.v20140518.jar"/></testsuite><testsuite failures="0" errors="0" time="0" id="1" name="$HOME/.m2/repository/org/eclipse/aether/aether-impl/1.0.0.v20140518/aether-impl-1.0.0.v20140518.jar" package="aether-impl-1.0.0.v20140518.jar" skipped="0" tests="1" timestamp="2025-02-19T15:21:02.589602"><testcase classname="dependency-check" name="aether-impl-1.0.0.v20140518.jar"/></testsuite><testsuite failures="0" errors="0" time="0" id="2" name="$HOME/.m2/repository/org/eclipse/aether/aether-spi/1.0.0.v20140518/aether-spi-1.0.0.v20140518.jar" package="aether-spi-1.0.0.v20140518.jar" skipped="0" tests="1" timestamp="2025-02-19T15:21:02.589602"><testcase classname="dependency-check" name="aether-spi-1.0.0.v20140518.jar"/></testsuite><testsuite failures="0" errors="0" time="0" id="3" name="$HOME/.m2/repository/org/eclipse/aether/aether-util/1.0.0.v20140518/aether-util-1.0.0.v20140518.jar" package="aether-util-1.0.0.v20140518.jar" skipped="0" tests="1" timestamp="2025-02-19T15:21:02.589602"><testcase classname="dependency-check" name="aether-util-1.0.0.v20140518.jar"/></testsuite><testsuite failures="0" errors="0" time="0" id="4" name="$HOME/.m2/repository/com/hankcs/aho-corasick-double-array-trie/1.2.3/aho-corasick-double-array-trie-1.2.3.jar" package="aho-corasick-double-array-trie-1.2.3.jar" skipped="0" tests="1" timestamp="2025-02-19T15:21:02.589602"><testcase classname="dependency-check" name="aho-corasick-double-array-trie-1.2.3.jar"/></testsuite><testsuite failures="0" errors="0" time="0" id="5" name="$HOME/.m2/repository/com/vaadin/external/google/android-json/0.0.20131108.vaadin1/android-json-0.0.20131108.vaadin1.jar" package="android-json-0.0.20131108.vaadin1.jar" skipped="0" tests="1" timestamp="2025-02-19T15:21:02.589602"><testcase classname="dependency-check" name="android-json-0.0.20131108.vaadin1.jar"/></testsuite><testsuite failures="0" errors="0" time="0" id="6" name="$HOME/.m2/repository/org/jetbrains/annotations/26.0.2/annotations-26.0.2.jar" package="annotations-26.0.2.jar" skipped="0" tests="1" timestamp="2025-02-19T15:21:02.589602"><testcase classname="dependency-check" name="annotations-26.0.2.jar"/></testsuite><testsuite failures="0" errors="0" time="0" id="7" name="$HOME/.m2/repository/aopalliance/aopalliance/1.0/aopalliance-1.0.jar" package="aopalliance-1.0.jar" skipped="0" tests="1" timestamp="2025-02-19T15:21:02.589602"><testcase classname="dependency-check" name="aopalliance-1.0.jar"/></testsuite><testsuite failures="0" errors="0" time="0" id="8" name="$HOME/.m2/repository/org/nibor/autolink/autolink/0.6.0/autolink-0.6.0.jar" package="autolink-0.6.0.jar" skipped="0" tests="1" timestamp="2025-02-19T15:21:02.589602"><testcase classname="dependency-check" name="autolink-0.6.0.jar"/></testsuite><testsuite failures="0" errors="0" time="0" id="9" name="$HOME/.m2/repository/org/bouncycastle/bcpg-jdk18on/1.78/bcpg-jdk18on-1.78.jar" package="bcpg-jdk18on-1.78.jar" skipped="0" tests="1" timestamp="2025-02-19T15:21:02.589602"><testcase classname="dependency-check" name="bcpg-jdk18on-1.78.jar"/></testsuite><testsuite failures="0" errors="0" time="0" id="10" name="$HOME/.m2/repository/org/bouncycastle/bcprov-jdk18on/1.78/bcprov-jdk18on-1.78.jar" package="bcprov-jdk18on-1.78.jar" skipped="0" tests="1" timestamp="2025-02-19T15:21:02.589602"><testcase classname="dependency-check" name="bcprov-jdk18on-1.78.jar"/></testsuite><testsuite failures="0" errors="0" time="0" id="11" name="$HOME/.m2/repository/javax/enterprise/cdi-api/1.0/cdi-api-1.0.jar" package="cdi-api-1.0.jar" skipped="0" tests="1" timestamp="2025-02-19T15:21:02.589602"><testcase classname="dependency-check" name="cdi-api-1.0.jar"/></testsuite><testsuite failures="0" errors="0" time="0" id="12" name="$HOME/.m2/repository/javax/enterprise/cdi-api/1.2/cdi-api-1.2.jar" package="cdi-api-1.2.jar" skipped="0" tests="1" timestamp="2025-02-19T15:21:02.589602"><testcase classname="dependency-check" name="cdi-api-1.2.jar"/></testsuite><testsuite failures="0" errors="0" time="0" id="13" name="$HOME/.m2/repository/org/checkerframework/checker-qual/3.43.0/checker-qual-3.43.0.jar" package="checker-qual-3.43.0.jar" skipped="0" tests="1" timestamp="2025-02-19T15:21:02.589602"><testcase classname="dependency-check" name="checker-qual-3.43.0.jar"/></testsuite><testsuite failures="2" errors="0" time="0" id="14" name="$HOME/.m2/repository/commons-beanutils/commons-beanutils/1.7.0/commons-beanutils-1.7.0.jar" package="commons-beanutils-1.7.0.jar" skipped="0" tests="2" timestamp="2025-02-19T15:21:02.589602"><testcase classname="CVE-2014-0114" name="pkg:maven/commons-beanutils/commons-beanutils@1.7.0"><failure message="cvssV2: HIGH, score: 7.5 (/AV:N/AC:L/Au:N/C:P/I:P/A:P)"/><system-out>Apache Commons BeanUtils, as distributed in lib/commons-beanutils-1.8.0.jar in Apache Struts 1.x through 1.3.10 and in other products requiring commons-beanutils through 1.9.2, does not suppress the class property, which allows remote attackers to &quot;manipulate&quot; the ClassLoader and execute arbitrary code via the class parameter, as demonstrated by the passing of this parameter to the getClass method of the ActionForm object in Struts 1.</system-out><system-err>location: $HOME/.m2/repository/commons-beanutils/commons-beanutils/1.7.0/commons-beanutils-1.7.0.jar, project-references: [ test (plugins) ]</system-err></testcase><testcase classname="CVE-2019-10086" name="pkg:maven/commons-beanutils/commons-beanutils@1.7.0"><failure message="cvssV3: HIGH, score: 7.3 (CVSS:3.1/AV:N/AC:L/PR:N/UI:N/S:U/C:L/I:L/A:L/E:3.9/RC:R/MAV:A)"/><system-out>In Apache Commons Beanutils 1.9.2, a special BeanIntrospector class was added which allows suppressing the ability for an attacker to access the classloader via the class property available on all Java objects. We, however were not using this by default characteristic of the PropertyUtilsBean.</system-out><system-err>location: $HOME/.m2/repository/commons-beanutils/commons-beanutils/1.7.0/commons-beanutils-1.7.0.jar, project-references: [ test (plugins) ]</system-err></testcase></testsuite><testsuite failures="0" errors="0" time="0" id="15" name="$HOME/.m2/repository/commons-beanutils/commons-beanutils/1.9.4/commons-beanutils-1.9.4.jar" package="commons-beanutils-1.9.4.jar" skipped="0" tests="1" timestamp="2025-02-19T15:21:02.589602"><testcase classname="dependency-check" name="commons-beanutils-1.9.4.jar"/></testsuite><testsuite failures="0" errors="0" time="0" id="16" name="$HOME/.m2/repository/commons-chain/commons-chain/1.1/commons-chain-1.1.jar" package="commons-chain-1.1.jar" skipped="0" tests="1" timestamp="2025-02-19T15:21:02.589602"><testcase classname="dependency-check" name="commons-chain-1.1.jar"/></testsuite><testsuite failures="0" errors="0" time="0" id="17" name="$HOME/.m2/repository/commons-codec/commons-codec/1.11/commons-codec-1.11.jar" package="commons-codec-1.11.jar" skipped="0" tests="1" timestamp="2025-02-19T15:21:02.589602"><testcase classname="dependency-check" name="commons-codec-1.11.jar"/></testsuite><testsuite failures="0" errors="0" time="0" id="18" name="$HOME/.m2/repository/commons-codec/commons-codec/1.18.0/commons-codec-1.18.0.jar" package="commons-codec-1.18.0.jar" skipped="0" tests="1" timestamp="2025-02-19T15:21:02.589602"><testcase classname="dependency-check" name="commons-codec-1.18.0.jar"/></testsuite><testsuite failures="0" errors="0" time="0" id="19" name="$HOME/.m2/repository/commons-collections/commons-collections/3.2.2/commons-collections-3.2.2.jar" package="commons-collections-3.2.2.jar" skipped="0" tests="1" timestamp="2025-02-19T15:21:02.589602"><testcase classname="dependency-check" name="commons-collections-3.2.2.jar"/></testsuite><testsuite failures="0" errors="0" time="0" id="20" name="$HOME/.m2/repository/org/apache/commons/commons-collections4/4.4/commons-collections4-4.4.jar" package="commons-collections4-4.4.jar" skipped="0" tests="1" timestamp="2025-02-19T15:21:02.589602"><testcase classname="dependency-check" name="commons-collections4-4.4.jar"/></testsuite><testsuite failures="5" errors="0" time="0" id="21" name="$HOME/.m2/repository/org/apache/commons/commons-compress/1.20/commons-compress-1.20.jar" package="commons-compress-1.20.jar" skipped="0" tests="5" timestamp="2025-02-19T15:21:02.589602"><testcase classname="CVE-2021-35515" name="pkg:maven/org.apache.commons/commons-compress@1.20"><failure message="cvssV3: HIGH, score: 7.5 (CVSS:3.1/AV:N/AC:L/PR:N/UI:N/S:U/C:N/I:N/A:H/E:3.9/RC:R/MAV:A)"/><system-out>When reading a specially crafted 7Z archive, the construction of the list of codecs that decompress an entry can result in an infinite loop. This could be used to mount a denial of service attack against services that use Compress&apos; sevenz package.</system-out><system-err>location: $HOME/.m2/repository/org/apache/commons/commons-compress/1.20/commons-compress-1.20.jar, project-references: [ test (plugins) ]</system-err></testcase><testcase classname="CVE-2021-35516" name="pkg:maven/org.apache.commons/commons-compress@1.20"><failure message="cvssV3: HIGH, score: 7.5 (CVSS:3.1/AV:N/AC:L/PR:N/UI:N/S:U/C:N/I:N/A:H/E:3.9/RC:R/MAV:A)"/><system-out>When reading a specially crafted 7Z archive, Compress can be made to allocate large amounts of memory that finally leads to an out of memory error even for very small inputs. This could be used to mount a denial of service attack against services that use Compress&apos; sevenz package.</system-out><system-err>location: $HOME/.m2/repository/org/apache/commons/commons-compress/1.20/commons-compress-1.20.jar, project-references: [ test (plugins) ]</system-err></testcase><testcase classname="CVE-2021-35517" name="pkg:maven/org.apache.commons/commons-compress@1.20"><failure message="cvssV3: HIGH, score: 7.5 (CVSS:3.1/AV:N/AC:L/PR:N/UI:N/S:U/C:N/I:N/A:H/E:3.9/RC:R/MAV:A)"/><system-out>When reading a specially crafted TAR archive, Compress can be made to allocate large amounts of memory that finally leads to an out of memory error even for very small inputs. This could be used to mount a denial of service attack against services that use Compress&apos; tar package.</system-out><system-err>location: $HOME/.m2/repository/org/apache/commons/commons-compress/1.20/commons-compress-1.20.jar, project-references: [ test (plugins) ]</system-err></testcase><testcase classname="CVE-2021-36090" name="pkg:maven/org.apache.commons/commons-compress@1.20"><failure message="cvssV3: HIGH, score: 7.5 (CVSS:3.1/AV:N/AC:L/PR:N/UI:N/S:U/C:N/I:N/A:H/E:3.9/RC:R/MAV:A)"/><system-out>When reading a specially crafted ZIP archive, Compress can be made to allocate large amounts of memory that finally leads to an out of memory error even for very small inputs. This could be used to mount a denial of service attack against services that use Compress&apos; zip package.</system-out><system-err>location: $HOME/.m2/repository/org/apache/commons/commons-compress/1.20/commons-compress-1.20.jar, project-references: [ test (plugins) ]</system-err></testcase><testcase classname="CVE-2024-25710" name="pkg:maven/org.apache.commons/commons-compress@1.20"><failure message="cvssV3: MEDIUM, score: 5.5 (CVSS:3.1/AV:L/AC:L/PR:N/UI:R/S:U/C:N/I:N/A:H/E:1.8/RC:R/MAV:A)"/><system-out>Loop with Unreachable Exit Condition (&apos;Infinite Loop&apos;) vulnerability in Apache Commons Compress.This issue affects Apache Commons Compress: from 1.3 through 1.25.0.

Users are recommended to upgrade to version 1.26.0 which fixes the issue.</system-out><system-err>location: $HOME/.m2/repository/org/apache/commons/commons-compress/1.20/commons-compress-1.20.jar, project-references: [ test (plugins) ]</system-err></testcase></testsuite><testsuite failures="0" errors="0" time="0" id="22" name="$HOME/.m2/repository/org/apache/commons/commons-compress/1.27.1/commons-compress-1.27.1.jar" package="commons-compress-1.27.1.jar" skipped="0" tests="1" timestamp="2025-02-19T15:21:02.589602"><testcase classname="dependency-check" name="commons-compress-1.27.1.jar"/></testsuite><testsuite failures="0" errors="0" time="0" id="23" name="$HOME/.m2/repository/org/apache/commons/commons-dbcp2/2.13.0/commons-dbcp2-2.13.0.jar" package="commons-dbcp2-2.13.0.jar" skipped="0" tests="1" timestamp="2025-02-19T15:21:02.589602"><testcase classname="dependency-check" name="commons-dbcp2-2.13.0.jar"/></testsuite><testsuite failures="0" errors="0" time="0" id="24" name="$HOME/.m2/repository/commons-digester/commons-digester/1.8/commons-digester-1.8.jar" package="commons-digester-1.8.jar" skipped="0" tests="1" timestamp="2025-02-19T15:21:02.589602"><testcase classname="dependency-check" name="commons-digester-1.8.jar"/></testsuite><testsuite failures="0" errors="0" time="0" id="25" name="$HOME/.m2/repository/commons-digester/commons-digester/2.1/commons-digester-2.1.jar" package="commons-digester-2.1.jar" skipped="0" tests="1" timestamp="2025-02-19T15:21:02.589602"><testcase classname="dependency-check" name="commons-digester-2.1.jar"/></testsuite><testsuite failures="0" errors="0" time="0" id="26" name="$HOME/.m2/repository/commons-io/commons-io/2.18.0/commons-io-2.18.0.jar" package="commons-io-2.18.0.jar" skipped="0" tests="1" timestamp="2025-02-19T15:21:02.589602"><testcase classname="dependency-check" name="commons-io-2.18.0.jar"/></testsuite><testsuite failures="2" errors="0" time="0" id="27" name="$HOME/.m2/repository/commons-io/commons-io/2.6/commons-io-2.6.jar" package="commons-io-2.6.jar" skipped="0" tests="2" timestamp="2025-02-19T15:21:02.589602"><testcase classname="CVE-2024-47554" name="pkg:maven/commons-io/commons-io@2.6"><failure message="cvssV2: MEDIUM, score: 5.300000190734863 (CVSS:4.0/AV:N/AC:L/AT:N/PR:N/UI:P/VC:N/VI:N/VA:L/SC:N/SI:N/SA:N)"/><system-out>Uncontrolled Resource Consumption vulnerability in Apache Commons IO.

The org.apache.commons.io.input.XmlStreamReader class may excessively consume CPU resources when processing maliciously crafted input.


This issue affects Apache Commons IO: from 2.0 before 2.14.0.

Users are recommended to upgrade to version 2.14.0 or later, which fixes the issue.</system-out><system-err>location: $HOME/.m2/repository/commons-io/commons-io/2.6/commons-io-2.6.jar, project-references: [ test (plugins) ]</system-err></testcase><testcase classname="CVE-2021-29425" name="pkg:maven/commons-io/commons-io@2.6"><failure message="cvssV3: MEDIUM, score: 4.8 (CVSS:3.1/AV:N/AC:H/PR:N/UI:N/S:U/C:L/I:L/A:N/E:2.2/RC:R/MAV:A)"/><system-out>In Apache Commons IO before 2.7, When invoking the method FileNameUtils.normalize with an improper input string, like &quot;//../foo&quot;, or &quot;\\..\foo&quot;, the result would be the same value, thus possibly providing access to files in the parent directory, but not further above (thus &quot;limited&quot; path traversal), if the calling code would use the result to construct a path value.</system-out><system-err>location: $HOME/.m2/repository/commons-io/commons-io/2.6/commons-io-2.6.jar, project-references: [ test (plugins) ]</system-err></testcase></testsuite><testsuite failures="0" errors="0" time="0" id="28" name="$HOME/.m2/repository/org/apache/commons/commons-jcs3-core/3.2.1/commons-jcs3-core-3.2.1.jar" package="commons-jcs3-core-3.2.1.jar" skipped="0" tests="1" timestamp="2025-02-19T15:21:02.589602"><testcase classname="dependency-check" name="commons-jcs3-core-3.2.1.jar"/></testsuite><testsuite failures="0" errors="0" time="0" id="29" name="$HOME/.m2/repository/commons-lang/commons-lang/2.4/commons-lang-2.4.jar" package="commons-lang-2.4.jar" skipped="0" tests="1" timestamp="2025-02-19T15:21:02.589602"><testcase classname="dependency-check" name="commons-lang-2.4.jar"/></testsuite><testsuite failures="0" errors="0" time="0" id="30" name="$HOME/.m2/repository/org/apache/commons/commons-lang3/3.17.0/commons-lang3-3.17.0.jar" package="commons-lang3-3.17.0.jar" skipped="0" tests="1" timestamp="2025-02-19T15:21:02.589602"><testcase classname="dependency-check" name="commons-lang3-3.17.0.jar"/></testsuite><testsuite failures="0" errors="0" time="0" id="31" name="$HOME/.m2/repository/org/apache/commons/commons-lang3/3.8.1/commons-lang3-3.8.1.jar" package="commons-lang3-3.8.1.jar" skipped="0" tests="1" timestamp="2025-02-19T15:21:02.589602"><testcase classname="dependency-check" name="commons-lang3-3.8.1.jar"/></testsuite><testsuite failures="0" errors="0" time="0" id="32" name="$HOME/.m2/repository/commons-logging/commons-logging/1.2/commons-logging-1.2.jar" package="commons-logging-1.2.jar" skipped="0" tests="1" timestamp="2025-02-19T15:21:02.589602"><testcase classname="dependency-check" name="commons-logging-1.2.jar"/></testsuite><testsuite failures="0" errors="0" time="0" id="33" name="$HOME/.m2/repository/commons-logging/commons-logging/1.3.4/commons-logging-1.3.4.jar" package="commons-logging-1.3.4.jar" skipped="0" tests="1" timestamp="2025-02-19T15:21:02.589602"><testcase classname="dependency-check" name="commons-logging-1.3.4.jar"/></testsuite><testsuite failures="0" errors="0" time="0" id="34" name="$HOME/.m2/repository/org/apache/commons/commons-pool2/2.12.0/commons-pool2-2.12.0.jar" package="commons-pool2-2.12.0.jar" skipped="0" tests="1" timestamp="2025-02-19T15:21:02.589602"><testcase classname="dependency-check" name="commons-pool2-2.12.0.jar"/></testsuite><testsuite failures="0" errors="0" time="0" id="35" name="$HOME/.m2/repository/org/apache/commons/commons-text/1.13.0/commons-text-1.13.0.jar" package="commons-text-1.13.0.jar" skipped="0" tests="1" timestamp="2025-02-19T15:21:02.589602"><testcase classname="dependency-check" name="commons-text-1.13.0.jar"/></testsuite><testsuite failures="0" errors="0" time="0" id="36" name="$HOME/.m2/repository/org/apache/commons/commons-text/1.3/commons-text-1.3.jar" package="commons-text-1.3.jar" skipped="0" tests="1" timestamp="2025-02-19T15:21:02.589602"><testcase classname="dependency-check" name="commons-text-1.3.jar"/></testsuite><testsuite failures="0" errors="0" time="0" id="37" name="$HOME/.m2/repository/commons-validator/commons-validator/1.9.0/commons-validator-1.9.0.jar" package="commons-validator-1.9.0.jar" skipped="0" tests="1" timestamp="2025-02-19T15:21:02.589602"><testcase classname="dependency-check" name="commons-validator-1.9.0.jar"/></testsuite><testsuite failures="0" errors="0" time="0" id="38" name="$HOME/.m2/repository/com/github/spullara/mustache/java/compiler/0.9.6/compiler-0.9.6.jar" package="compiler-0.9.6.jar" skipped="0" tests="1" timestamp="2025-02-19T15:21:02.589602"><testcase classname="dependency-check" name="compiler-0.9.6.jar"/></testsuite><testsuite failures="0" errors="0" time="0" id="39" name="$HOME/.m2/repository/us/springett/cpe-parser/2.1.0/cpe-parser-2.1.0.jar" package="cpe-parser-2.1.0.jar" skipped="0" tests="1" timestamp="2025-02-19T15:21:02.589602"><testcase classname="dependency-check" name="cpe-parser-2.1.0.jar"/></testsuite><testsuite failures="0" errors="0" time="0" id="40" name="$HOME/.m2/repository/org/owasp/dependency-check-core/12.1.0/dependency-check-core-12.1.0.jar" package="dependency-check-core-12.1.0.jar" skipped="0" tests="1" timestamp="2025-02-19T15:21:02.589602"><testcase classname="dependency-check" name="dependency-check-core-12.1.0.jar"/></testsuite><testsuite failures="0" errors="0" time="0" id="41" name="$HOME/.m2/repository/org/owasp/dependency-check-core/12.1.0/dependency-check-core-12.1.0.jar/GrokAssembly.zip/GrokAssembly.dll" package="dependency-check-core-12.1.0.jar: GrokAssembly.zip: GrokAssembly.dll" skipped="0" tests="1" timestamp="2025-02-19T15:21:02.589602"><testcase classname="dependency-check" name="dependency-check-core-12.1.0.jar: GrokAssembly.zip: GrokAssembly.dll"/></testsuite><testsuite failures="0" errors="0" time="0" id="42" name="$HOME/.m2/repository/org/owasp/dependency-check-utils/12.1.0/dependency-check-utils-12.1.0.jar" package="dependency-check-utils-12.1.0.jar" skipped="0" tests="1" timestamp="2025-02-19T15:21:02.589602"><testcase classname="dependency-check" name="dependency-check-utils-12.1.0.jar"/></testsuite><testsuite failures="2" errors="0" time="0" id="43" name="$HOME/.m2/repository/dom4j/dom4j/1.1/dom4j-1.1.jar" package="dom4j-1.1.jar" skipped="0" tests="2" timestamp="2025-02-19T15:21:02.589602"><testcase classname="CVE-2020-10683" name="pkg:maven/dom4j/dom4j@1.1"><failure message="cvssV3: CRITICAL, score: 9.8 (CVSS:3.1/AV:N/AC:L/PR:N/UI:N/S:U/C:H/I:H/A:H/E:3.9/RC:R/MAV:A)"/><system-out>dom4j before 2.0.3 and 2.1.x before 2.1.3 allows external DTDs and External Entities by default, which might enable XXE attacks. However, there is popular external documentation from OWASP showing how to enable the safe, non-default behavior in any application that uses dom4j.</system-out><system-err>location: $HOME/.m2/repository/dom4j/dom4j/1.1/dom4j-1.1.jar, project-references: [ test (plugins) ]</system-err></testcase><testcase classname="CVE-2018-1000632" name="pkg:maven/dom4j/dom4j@1.1"><failure message="cvssV3: HIGH, score: 7.5 (CVSS:3.1/AV:N/AC:L/PR:N/UI:N/S:U/C:N/I:H/A:N)"/><system-out>dom4j version prior to version 2.1.1 contains a CWE-91: XML Injection vulnerability in Class: Element. Methods: addElement, addAttribute that can result in an attacker tampering with XML documents through XML injection. This attack appear to be exploitable via an attacker specifying attributes or elements in the XML document. This vulnerability appears to have been fixed in 2.1.1 or later.</system-out><system-err>location: $HOME/.m2/repository/dom4j/dom4j/1.1/dom4j-1.1.jar, project-references: [ test (plugins) ]</system-err></testcase></testsuite><testsuite failures="0" errors="0" time="0" id="44" name="$HOME/.m2/repository/org/apache/maven/doxia/doxia-core/1.11.1/doxia-core-1.11.1.jar" package="doxia-core-1.11.1.jar" skipped="0" tests="1" timestamp="2025-02-19T15:21:02.589602"><testcase classname="dependency-check" name="doxia-core-1.11.1.jar"/></testsuite><testsuite failures="0" errors="0" time="0" id="45" name="$HOME/.m2/repository/org/apache/maven/doxia/doxia-decoration-model/1.11.1/doxia-decoration-model-1.11.1.jar" package="doxia-decoration-model-1.11.1.jar" skipped="0" tests="1" timestamp="2025-02-19T15:21:02.589602"><testcase classname="dependency-check" name="doxia-decoration-model-1.11.1.jar"/></testsuite><testsuite failures="0" errors="0" time="0" id="46" name="$HOME/.m2/repository/org/apache/maven/doxia/doxia-integration-tools/1.11.1/doxia-integration-tools-1.11.1.jar" package="doxia-integration-tools-1.11.1.jar" skipped="0" tests="1" timestamp="2025-02-19T15:21:02.589602"><testcase classname="dependency-check" name="doxia-integration-tools-1.11.1.jar"/></testsuite><testsuite failures="0" errors="0" time="0" id="47" name="$HOME/.m2/repository/org/apache/maven/doxia/doxia-logging-api/1.11.1/doxia-logging-api-1.11.1.jar" package="doxia-logging-api-1.11.1.jar" skipped="0" tests="1" timestamp="2025-02-19T15:21:02.589602"><testcase classname="dependency-check" name="doxia-logging-api-1.11.1.jar"/></testsuite><testsuite failures="0" errors="0" time="0" id="48" name="$HOME/.m2/repository/org/apache/maven/doxia/doxia-module-apt/1.11.1/doxia-module-apt-1.11.1.jar" package="doxia-module-apt-1.11.1.jar" skipped="0" tests="1" timestamp="2025-02-19T15:21:02.589602"><testcase classname="dependency-check" name="doxia-module-apt-1.11.1.jar"/></testsuite><testsuite failures="0" errors="0" time="0" id="49" name="$HOME/.m2/repository/org/apache/maven/doxia/doxia-module-confluence/1.11.1/doxia-module-confluence-1.11.1.jar" package="doxia-module-confluence-1.11.1.jar" skipped="0" tests="1" timestamp="2025-02-19T15:21:02.589602"><testcase classname="dependency-check" name="doxia-module-confluence-1.11.1.jar"/></testsuite><testsuite failures="0" errors="0" time="0" id="50" name="$HOME/.m2/repository/org/apache/maven/doxia/doxia-module-docbook-simple/1.11.1/doxia-module-docbook-simple-1.11.1.jar" package="doxia-module-docbook-simple-1.11.1.jar" skipped="0" tests="1" timestamp="2025-02-19T15:21:02.589602"><testcase classname="dependency-check" name="doxia-module-docbook-simple-1.11.1.jar"/></testsuite><testsuite failures="0" errors="0" time="0" id="51" name="$HOME/.m2/repository/org/apache/maven/doxia/doxia-module-fml/1.11.1/doxia-module-fml-1.11.1.jar" package="doxia-module-fml-1.11.1.jar" skipped="0" tests="1" timestamp="2025-02-19T15:21:02.589602"><testcase classname="dependency-check" name="doxia-module-fml-1.11.1.jar"/></testsuite><testsuite failures="0" errors="0" time="0" id="52" name="$HOME/.m2/repository/org/apache/maven/doxia/doxia-module-markdown/1.11.1/doxia-module-markdown-1.11.1.jar" package="doxia-module-markdown-1.11.1.jar" skipped="0" tests="1" timestamp="2025-02-19T15:21:02.589602"><testcase classname="dependency-check" name="doxia-module-markdown-1.11.1.jar"/></testsuite><testsuite failures="12" errors="0" time="0" id="53" name="$HOME/.m2/repository/org/apache/maven/doxia/doxia-module-twiki/1.11.1/doxia-module-twiki-1.11.1.jar" package="doxia-module-twiki-1.11.1.jar" skipped="0" tests="12" timestamp="2025-02-19T15:21:02.589602"><testcase classname="CVE-2013-1751" name="pkg:maven/org.apache.maven.doxia/doxia-module-twiki@1.11.1"><failure message="cvssV3: CRITICAL, score: 9.8 (CVSS:3.1/AV:N/AC:L/PR:N/UI:N/S:U/C:H/I:H/A:H/E:3.9/RC:R/MAV:A)"/><system-out>TWiki before 5.1.4 allows remote attackers to execute arbitrary shell commands by sending a crafted &apos;%MAKETEXT{}%&apos; parameter value containing Perl backtick characters.</system-out><system-err>location: $HOME/.m2/repository/org/apache/maven/doxia/doxia-module-twiki/1.11.1/doxia-module-twiki-1.11.1.jar, project-references: [ test (plugins) ]</system-err></testcase><testcase classname="CVE-2008-5305" name="pkg:maven/org.apache.maven.doxia/doxia-module-twiki@1.11.1"><failure message="cvssV2: HIGH, score: 10.0 (/AV:N/AC:L/Au:N/C:C/I:C/A:C)"/><system-out>Eval injection vulnerability in TWiki before 4.2.4 allows remote attackers to execute arbitrary Perl code via the %SEARCH{}% variable.</system-out><system-err>location: $HOME/.m2/repository/org/apache/maven/doxia/doxia-module-twiki/1.11.1/doxia-module-twiki-1.11.1.jar, project-references: [ test (plugins) ]</system-err></testcase><testcase classname="CVE-2006-6071" name="pkg:maven/org.apache.maven.doxia/doxia-module-twiki@1.11.1"><failure message="cvssV2: HIGH, score: 9.0 (/AV:N/AC:L/Au:S/C:C/I:C/A:C)"/><system-out>TWiki 4.0.5 and earlier, when running under Apache 1.3 using ApacheLogin with sessions and &quot;ErrorDocument 401&quot; redirects to a valid wiki topic, does not properly handle failed login attempts, which allows remote attackers to read arbitrary content by cancelling out of a failed authentication with a valid username and invalid password.</system-out><system-err>location: $HOME/.m2/repository/org/apache/maven/doxia/doxia-module-twiki/1.11.1/doxia-module-twiki-1.11.1.jar, project-references: [ test (plugins) ]</system-err></testcase><testcase classname="CVE-2008-3195" name="pkg:maven/org.apache.maven.doxia/doxia-module-twiki@1.11.1"><failure message="cvssV2: MEDIUM, score: 6.8 (/AV:N/AC:M/Au:N/C:P/I:P/A:P)"/><system-out>Directory traversal vulnerability in bin/configure in TWiki before 4.2.3, when a certain step in the installation guide is skipped, allows remote attackers to read arbitrary files via a query string containing a .. (dot dot) in the image variable, and execute arbitrary files via unspecified vectors.</system-out><system-err>location: $HOME/.m2/repository/org/apache/maven/doxia/doxia-module-twiki/1.11.1/doxia-module-twiki-1.11.1.jar, project-references: [ test (plugins) ]</system-err></testcase><testcase classname="CVE-2009-4898" name="pkg:maven/org.apache.maven.doxia/doxia-module-twiki@1.11.1"><failure message="cvssV2: MEDIUM, score: 6.8 (/AV:N/AC:M/Au:N/C:P/I:P/A:P)"/><system-out>Cross-site request forgery (CSRF) vulnerability in TWiki before 4.3.2 allows remote attackers to hijack the authentication of arbitrary users for requests that update pages, as demonstrated by a URL for a save script in the ACTION attribute of a FORM element, in conjunction with a call to the submit method in the onload attribute of a BODY element.  NOTE: this issue exists because of an insufficient fix for CVE-2009-1339.</system-out><system-err>location: $HOME/.m2/repository/org/apache/maven/doxia/doxia-module-twiki/1.11.1/doxia-module-twiki-1.11.1.jar, project-references: [ test (plugins) ]</system-err></testcase><testcase classname="CVE-2014-7237" name="pkg:maven/org.apache.maven.doxia/doxia-module-twiki@1.11.1"><failure message="cvssV2: MEDIUM, score: 6.8 (/AV:N/AC:M/Au:N/C:P/I:P/A:P)"/><system-out>lib/TWiki/Sandbox.pm in TWiki 6.0.0 and earlier, when running on Windows, allows remote attackers to bypass intended access restrictions and upload files with restricted names via a null byte (%00) in a filename to bin/upload.cgi, as demonstrated using .htaccess to execute arbitrary code.</system-out><system-err>location: $HOME/.m2/repository/org/apache/maven/doxia/doxia-module-twiki/1.11.1/doxia-module-twiki-1.11.1.jar, project-references: [ test (plugins) ]</system-err></testcase><testcase classname="CVE-2009-1339" name="pkg:maven/org.apache.maven.doxia/doxia-module-twiki@1.11.1"><failure message="cvssV2: MEDIUM, score: 6.0 (/AV:N/AC:M/Au:S/C:P/I:P/A:P)"/><system-out>Cross-site request forgery (CSRF) vulnerability in TWiki before 4.3.1 allows remote authenticated users to hijack the authentication of arbitrary users for requests that update pages, as demonstrated by a URL for a save script in the SRC attribute of an IMG element, a related issue to CVE-2009-1434.</system-out><system-err>location: $HOME/.m2/repository/org/apache/maven/doxia/doxia-module-twiki/1.11.1/doxia-module-twiki-1.11.1.jar, project-references: [ test (plugins) ]</system-err></testcase><testcase classname="CVE-2012-6330" name="pkg:maven/org.apache.maven.doxia/doxia-module-twiki@1.11.1"><failure message="cvssV2: MEDIUM, score: 5.0 (/AV:N/AC:L/Au:N/C:N/I:N/A:P)"/><system-out>The localization functionality in TWiki before 5.1.3, and Foswiki 1.0.x through 1.0.10 and 1.1.x through 1.1.6, allows remote attackers to cause a denial of service (memory consumption) via a large integer in a %MAKETEXT% macro.</system-out><system-err>location: $HOME/.m2/repository/org/apache/maven/doxia/doxia-module-twiki/1.11.1/doxia-module-twiki-1.11.1.jar, project-references: [ test (plugins) ]</system-err></testcase><testcase classname="CVE-2008-5304" name="pkg:maven/org.apache.maven.doxia/doxia-module-twiki@1.11.1"><failure message="cvssV2: MEDIUM, score: 4.3 (/AV:N/AC:M/Au:N/C:N/I:P/A:N)"/><system-out>Cross-site scripting (XSS) vulnerability in TWiki before 4.2.4 allows remote attackers to inject arbitrary web script or HTML via the %URLPARAM{}% variable.</system-out><system-err>location: $HOME/.m2/repository/org/apache/maven/doxia/doxia-module-twiki/1.11.1/doxia-module-twiki-1.11.1.jar, project-references: [ test (plugins) ]</system-err></testcase><testcase classname="CVE-2010-3841" name="pkg:maven/org.apache.maven.doxia/doxia-module-twiki@1.11.1"><failure message="cvssV2: MEDIUM, score: 4.3 (/AV:N/AC:M/Au:N/C:N/I:P/A:N)"/><system-out>Multiple cross-site scripting (XSS) vulnerabilities in lib/TWiki.pm in TWiki before 5.0.1 allow remote attackers to inject arbitrary web script or HTML via (1) the rev parameter to the view script or (2) the query string to the login script.</system-out><system-err>location: $HOME/.m2/repository/org/apache/maven/doxia/doxia-module-twiki/1.11.1/doxia-module-twiki-1.11.1.jar, project-references: [ test (plugins) ]</system-err></testcase><testcase classname="CVE-2011-1838" name="pkg:maven/org.apache.maven.doxia/doxia-module-twiki@1.11.1"><failure message="cvssV2: MEDIUM, score: 4.3 (/AV:N/AC:M/Au:N/C:N/I:P/A:N)"/><system-out>Multiple cross-site scripting (XSS) vulnerabilities in TemplateLogin.pm in TWiki before 5.0.2 allow remote attackers to inject arbitrary web script or HTML via the origurl parameter to a (1) view script or (2) login script.</system-out><system-err>location: $HOME/.m2/repository/org/apache/maven/doxia/doxia-module-twiki/1.11.1/doxia-module-twiki-1.11.1.jar, project-references: [ test (plugins) ]</system-err></testcase><testcase classname="CVE-2011-3010" name="pkg:maven/org.apache.maven.doxia/doxia-module-twiki@1.11.1"><failure message="cvssV2: MEDIUM, score: 4.3 (/AV:N/AC:M/Au:N/C:N/I:P/A:N)"/><system-out>Multiple cross-site scripting (XSS) vulnerabilities in TWiki before 5.1.0 allow remote attackers to inject arbitrary web script or HTML via (1) the newtopic parameter in a WebCreateNewTopic action, related to the TWiki.WebCreateNewTopicTemplate topic; or (2) the query string to SlideShow.pm in the SlideShowPlugin.</system-out><system-err>location: $HOME/.m2/repository/org/apache/maven/doxia/doxia-module-twiki/1.11.1/doxia-module-twiki-1.11.1.jar, project-references: [ test (plugins) ]</system-err></testcase></testsuite><testsuite failures="0" errors="0" time="0" id="54" name="$HOME/.m2/repository/org/apache/maven/doxia/doxia-module-xdoc/1.11.1/doxia-module-xdoc-1.11.1.jar" package="doxia-module-xdoc-1.11.1.jar" skipped="0" tests="1" timestamp="2025-02-19T15:21:02.589602"><testcase classname="dependency-check" name="doxia-module-xdoc-1.11.1.jar"/></testsuite><testsuite failures="0" errors="0" time="0" id="55" name="$HOME/.m2/repository/org/apache/maven/doxia/doxia-module-xhtml/1.11.1/doxia-module-xhtml-1.11.1.jar" package="doxia-module-xhtml-1.11.1.jar" skipped="0" tests="1" timestamp="2025-02-19T15:21:02.589602"><testcase classname="dependency-check" name="doxia-module-xhtml-1.11.1.jar"/></testsuite><testsuite failures="0" errors="0" time="0" id="56" name="$HOME/.m2/repository/org/apache/maven/doxia/doxia-module-xhtml5/1.11.1/doxia-module-xhtml5-1.11.1.jar" package="doxia-module-xhtml5-1.11.1.jar" skipped="0" tests="1" timestamp="2025-02-19T15:21:02.589602"><testcase classname="dependency-check" name="doxia-module-xhtml5-1.11.1.jar"/></testsuite><testsuite failures="0" errors="0" time="0" id="57" name="$HOME/.m2/repository/org/apache/maven/doxia/doxia-sink-api/1.11.1/doxia-sink-api-1.11.1.jar" package="doxia-sink-api-1.11.1.jar" skipped="0" tests="1" timestamp="2025-02-19T15:21:02.589602"><testcase classname="dependency-check" name="doxia-sink-api-1.11.1.jar"/></testsuite><testsuite failures="0" errors="0" time="0" id="58" name="$HOME/.m2/repository/org/apache/maven/doxia/doxia-sink-api/2.0.0/doxia-sink-api-2.0.0.jar" package="doxia-sink-api-2.0.0.jar" skipped="0" tests="1" timestamp="2025-02-19T15:21:02.589602"><testcase classname="dependency-check" name="doxia-sink-api-2.0.0.jar"/></testsuite><testsuite failures="0" errors="0" time="0" id="59" name="$HOME/.m2/repository/org/apache/maven/doxia/doxia-site-renderer/1.11.1/doxia-site-renderer-1.11.1.jar" package="doxia-site-renderer-1.11.1.jar" skipped="0" tests="1" timestamp="2025-02-19T15:21:02.589602"><testcase classname="dependency-check" name="doxia-site-renderer-1.11.1.jar"/></testsuite><testsuite failures="0" errors="0" time="0" id="60" name="$HOME/.m2/repository/org/apache/maven/doxia/doxia-skin-model/1.11.1/doxia-skin-model-1.11.1.jar" package="doxia-skin-model-1.11.1.jar" skipped="0" tests="1" timestamp="2025-02-19T15:21:02.589602"><testcase classname="dependency-check" name="doxia-skin-model-1.11.1.jar"/></testsuite><testsuite failures="0" errors="0" time="0" id="61" name="$HOME/.m2/repository/com/google/errorprone/error_prone_annotations/2.36.0/error_prone_annotations-2.36.0.jar" package="error_prone_annotations-2.36.0.jar" skipped="0" tests="1" timestamp="2025-02-19T15:21:02.589602"><testcase classname="dependency-check" name="error_prone_annotations-2.36.0.jar"/></testsuite><testsuite failures="0" errors="0" time="0" id="62" name="$HOME/.m2/repository/com/google/guava/failureaccess/1.0.2/failureaccess-1.0.2.jar" package="failureaccess-1.0.2.jar" skipped="0" tests="1" timestamp="2025-02-19T15:21:02.589602"><testcase classname="dependency-check" name="failureaccess-1.0.2.jar"/></testsuite><testsuite failures="0" errors="0" time="0" id="63" name="$HOME/.m2/repository/org/apache/maven/shared/file-management/3.1.0/file-management-3.1.0.jar" package="file-management-3.1.0.jar" skipped="0" tests="1" timestamp="2025-02-19T15:21:02.589602"><testcase classname="dependency-check" name="file-management-3.1.0.jar"/></testsuite><testsuite failures="0" errors="0" time="0" id="64" name="$HOME/.m2/repository/com/vladsch/flexmark/flexmark/0.42.14/flexmark-0.42.14.jar" package="flexmark-0.42.14.jar" skipped="0" tests="1" timestamp="2025-02-19T15:21:02.589602"><testcase classname="dependency-check" name="flexmark-0.42.14.jar"/></testsuite><testsuite failures="0" errors="0" time="0" id="65" name="$HOME/.m2/repository/com/vladsch/flexmark/flexmark-all/0.42.14/flexmark-all-0.42.14.jar" package="flexmark-all-0.42.14.jar" skipped="0" tests="1" timestamp="2025-02-19T15:21:02.589602"><testcase classname="dependency-check" name="flexmark-all-0.42.14.jar"/></testsuite><testsuite failures="0" errors="0" time="0" id="66" name="$HOME/.m2/repository/com/vladsch/flexmark/flexmark-ext-abbreviation/0.42.14/flexmark-ext-abbreviation-0.42.14.jar" package="flexmark-ext-abbreviation-0.42.14.jar" skipped="0" tests="1" timestamp="2025-02-19T15:21:02.589602"><testcase classname="dependency-check" name="flexmark-ext-abbreviation-0.42.14.jar"/></testsuite><testsuite failures="0" errors="0" time="0" id="67" name="$HOME/.m2/repository/com/vladsch/flexmark/flexmark-ext-admonition/0.42.14/flexmark-ext-admonition-0.42.14.jar" package="flexmark-ext-admonition-0.42.14.jar" skipped="0" tests="1" timestamp="2025-02-19T15:21:02.589602"><testcase classname="dependency-check" name="flexmark-ext-admonition-0.42.14.jar"/></testsuite><testsuite failures="0" errors="0" time="0" id="68" name="$HOME/.m2/repository/com/vladsch/flexmark/flexmark-ext-admonition/0.42.14/flexmark-ext-admonition-0.42.14.jar/admonition.js" package="flexmark-ext-admonition-0.42.14.jar: admonition.js" skipped="0" tests="1" timestamp="2025-02-19T15:21:02.589602"><testcase classname="dependency-check" name="flexmark-ext-admonition-0.42.14.jar: admonition.js"/></testsuite><testsuite failures="0" errors="0" time="0" id="69" name="$HOME/.m2/repository/com/vladsch/flexmark/flexmark-ext-aside/0.42.14/flexmark-ext-aside-0.42.14.jar" package="flexmark-ext-aside-0.42.14.jar" skipped="0" tests="1" timestamp="2025-02-19T15:21:02.589602"><testcase classname="dependency-check" name="flexmark-ext-aside-0.42.14.jar"/></testsuite><testsuite failures="0" errors="0" time="0" id="70" name="$HOME/.m2/repository/com/vladsch/flexmark/flexmark-ext-attributes/0.42.14/flexmark-ext-attributes-0.42.14.jar" package="flexmark-ext-attributes-0.42.14.jar" skipped="0" tests="1" timestamp="2025-02-19T15:21:02.589602"><testcase classname="dependency-check" name="flexmark-ext-attributes-0.42.14.jar"/></testsuite><testsuite failures="0" errors="0" time="0" id="71" name="$HOME/.m2/repository/com/vladsch/flexmark/flexmark-ext-autolink/0.42.14/flexmark-ext-autolink-0.42.14.jar" package="flexmark-ext-autolink-0.42.14.jar" skipped="0" tests="1" timestamp="2025-02-19T15:21:02.589602"><testcase classname="dependency-check" name="flexmark-ext-autolink-0.42.14.jar"/></testsuite><testsuite failures="0" errors="0" time="0" id="72" name="$HOME/.m2/repository/com/vladsch/flexmark/flexmark-ext-definition/0.42.14/flexmark-ext-definition-0.42.14.jar" package="flexmark-ext-definition-0.42.14.jar" skipped="0" tests="1" timestamp="2025-02-19T15:21:02.589602"><testcase classname="dependency-check" name="flexmark-ext-definition-0.42.14.jar"/></testsuite><testsuite failures="0" errors="0" time="0" id="73" name="$HOME/.m2/repository/com/vladsch/flexmark/flexmark-ext-emoji/0.42.14/flexmark-ext-emoji-0.42.14.jar" package="flexmark-ext-emoji-0.42.14.jar" skipped="0" tests="1" timestamp="2025-02-19T15:21:02.589602"><testcase classname="dependency-check" name="flexmark-ext-emoji-0.42.14.jar"/></testsuite><testsuite failures="0" errors="0" time="0" id="74" name="$HOME/.m2/repository/com/vladsch/flexmark/flexmark-ext-enumerated-reference/0.42.14/flexmark-ext-enumerated-reference-0.42.14.jar" package="flexmark-ext-enumerated-reference-0.42.14.jar" skipped="0" tests="1" timestamp="2025-02-19T15:21:02.589602"><testcase classname="dependency-check" name="flexmark-ext-enumerated-reference-0.42.14.jar"/></testsuite><testsuite failures="0" errors="0" time="0" id="75" name="$HOME/.m2/repository/com/vladsch/flexmark/flexmark-ext-escaped-character/0.42.14/flexmark-ext-escaped-character-0.42.14.jar" package="flexmark-ext-escaped-character-0.42.14.jar" skipped="0" tests="1" timestamp="2025-02-19T15:21:02.589602"><testcase classname="dependency-check" name="flexmark-ext-escaped-character-0.42.14.jar"/></testsuite><testsuite failures="0" errors="0" time="0" id="76" name="$HOME/.m2/repository/com/vladsch/flexmark/flexmark-ext-footnotes/0.42.14/flexmark-ext-footnotes-0.42.14.jar" package="flexmark-ext-footnotes-0.42.14.jar" skipped="0" tests="1" timestamp="2025-02-19T15:21:02.589602"><testcase classname="dependency-check" name="flexmark-ext-footnotes-0.42.14.jar"/></testsuite><testsuite failures="0" errors="0" time="0" id="77" name="$HOME/.m2/repository/com/vladsch/flexmark/flexmark-ext-gfm-issues/0.42.14/flexmark-ext-gfm-issues-0.42.14.jar" package="flexmark-ext-gfm-issues-0.42.14.jar" skipped="0" tests="1" timestamp="2025-02-19T15:21:02.589602"><testcase classname="dependency-check" name="flexmark-ext-gfm-issues-0.42.14.jar"/></testsuite><testsuite failures="0" errors="0" time="0" id="78" name="$HOME/.m2/repository/com/vladsch/flexmark/flexmark-ext-gfm-strikethrough/0.42.14/flexmark-ext-gfm-strikethrough-0.42.14.jar" package="flexmark-ext-gfm-strikethrough-0.42.14.jar" skipped="0" tests="1" timestamp="2025-02-19T15:21:02.589602"><testcase classname="dependency-check" name="flexmark-ext-gfm-strikethrough-0.42.14.jar"/></testsuite><testsuite failures="0" errors="0" time="0" id="79" name="$HOME/.m2/repository/com/vladsch/flexmark/flexmark-ext-gfm-tables/0.42.14/flexmark-ext-gfm-tables-0.42.14.jar" package="flexmark-ext-gfm-tables-0.42.14.jar" skipped="0" tests="1" timestamp="2025-02-19T15:21:02.589602"><testcase classname="dependency-check" name="flexmark-ext-gfm-tables-0.42.14.jar"/></testsuite><testsuite failures="0" errors="0" time="0" id="80" name="$HOME/.m2/repository/com/vladsch/flexmark/flexmark-ext-gfm-tasklist/0.42.14/flexmark-ext-gfm-tasklist-0.42.14.jar" package="flexmark-ext-gfm-tasklist-0.42.14.jar" skipped="0" tests="1" timestamp="2025-02-19T15:21:02.589602"><testcase classname="dependency-check" name="flexmark-ext-gfm-tasklist-0.42.14.jar"/></testsuite><testsuite failures="0" errors="0" time="0" id="81" name="$HOME/.m2/repository/com/vladsch/flexmark/flexmark-ext-gfm-users/0.42.14/flexmark-ext-gfm-users-0.42.14.jar" package="flexmark-ext-gfm-users-0.42.14.jar" skipped="0" tests="1" timestamp="2025-02-19T15:21:02.589602"><testcase classname="dependency-check" name="flexmark-ext-gfm-users-0.42.14.jar"/></testsuite><testsuite failures="0" errors="0" time="0" id="82" name="$HOME/.m2/repository/com/vladsch/flexmark/flexmark-ext-gitlab/0.42.14/flexmark-ext-gitlab-0.42.14.jar" package="flexmark-ext-gitlab-0.42.14.jar" skipped="0" tests="1" timestamp="2025-02-19T15:21:02.589602"><testcase classname="dependency-check" name="flexmark-ext-gitlab-0.42.14.jar"/></testsuite><testsuite failures="0" errors="0" time="0" id="83" name="$HOME/.m2/repository/com/vladsch/flexmark/flexmark-ext-ins/0.42.14/flexmark-ext-ins-0.42.14.jar" package="flexmark-ext-ins-0.42.14.jar" skipped="0" tests="1" timestamp="2025-02-19T15:21:02.589602"><testcase classname="dependency-check" name="flexmark-ext-ins-0.42.14.jar"/></testsuite><testsuite failures="0" errors="0" time="0" id="84" name="$HOME/.m2/repository/com/vladsch/flexmark/flexmark-ext-jekyll-front-matter/0.42.14/flexmark-ext-jekyll-front-matter-0.42.14.jar" package="flexmark-ext-jekyll-front-matter-0.42.14.jar" skipped="0" tests="1" timestamp="2025-02-19T15:21:02.589602"><testcase classname="dependency-check" name="flexmark-ext-jekyll-front-matter-0.42.14.jar"/></testsuite><testsuite failures="0" errors="0" time="0" id="85" name="$HOME/.m2/repository/com/vladsch/flexmark/flexmark-ext-jekyll-tag/0.42.14/flexmark-ext-jekyll-tag-0.42.14.jar" package="flexmark-ext-jekyll-tag-0.42.14.jar" skipped="0" tests="1" timestamp="2025-02-19T15:21:02.589602"><testcase classname="dependency-check" name="flexmark-ext-jekyll-tag-0.42.14.jar"/></testsuite><testsuite failures="0" errors="0" time="0" id="86" name="$HOME/.m2/repository/com/vladsch/flexmark/flexmark-ext-macros/0.42.14/flexmark-ext-macros-0.42.14.jar" package="flexmark-ext-macros-0.42.14.jar" skipped="0" tests="1" timestamp="2025-02-19T15:21:02.589602"><testcase classname="dependency-check" name="flexmark-ext-macros-0.42.14.jar"/></testsuite><testsuite failures="0" errors="0" time="0" id="87" name="$HOME/.m2/repository/com/vladsch/flexmark/flexmark-ext-media-tags/0.42.14/flexmark-ext-media-tags-0.42.14.jar" package="flexmark-ext-media-tags-0.42.14.jar" skipped="0" tests="1" timestamp="2025-02-19T15:21:02.589602"><testcase classname="dependency-check" name="flexmark-ext-media-tags-0.42.14.jar"/></testsuite><testsuite failures="0" errors="0" time="0" id="88" name="$HOME/.m2/repository/com/vladsch/flexmark/flexmark-ext-superscript/0.42.14/flexmark-ext-superscript-0.42.14.jar" package="flexmark-ext-superscript-0.42.14.jar" skipped="0" tests="1" timestamp="2025-02-19T15:21:02.589602"><testcase classname="dependency-check" name="flexmark-ext-superscript-0.42.14.jar"/></testsuite><testsuite failures="0" errors="0" time="0" id="89" name="$HOME/.m2/repository/com/vladsch/flexmark/flexmark-ext-tables/0.42.14/flexmark-ext-tables-0.42.14.jar" package="flexmark-ext-tables-0.42.14.jar" skipped="0" tests="1" timestamp="2025-02-19T15:21:02.589602"><testcase classname="dependency-check" name="flexmark-ext-tables-0.42.14.jar"/></testsuite><testsuite failures="0" errors="0" time="0" id="90" name="$HOME/.m2/repository/com/vladsch/flexmark/flexmark-ext-toc/0.42.14/flexmark-ext-toc-0.42.14.jar" package="flexmark-ext-toc-0.42.14.jar" skipped="0" tests="1" timestamp="2025-02-19T15:21:02.589602"><testcase classname="dependency-check" name="flexmark-ext-toc-0.42.14.jar"/></testsuite><testsuite failures="0" errors="0" time="0" id="91" name="$HOME/.m2/repository/com/vladsch/flexmark/flexmark-ext-typographic/0.42.14/flexmark-ext-typographic-0.42.14.jar" package="flexmark-ext-typographic-0.42.14.jar" skipped="0" tests="1" timestamp="2025-02-19T15:21:02.589602"><testcase classname="dependency-check" name="flexmark-ext-typographic-0.42.14.jar"/></testsuite><testsuite failures="0" errors="0" time="0" id="92" name="$HOME/.m2/repository/com/vladsch/flexmark/flexmark-ext-wikilink/0.42.14/flexmark-ext-wikilink-0.42.14.jar" package="flexmark-ext-wikilink-0.42.14.jar" skipped="0" tests="1" timestamp="2025-02-19T15:21:02.589602"><testcase classname="dependency-check" name="flexmark-ext-wikilink-0.42.14.jar"/></testsuite><testsuite failures="0" errors="0" time="0" id="93" name="$HOME/.m2/repository/com/vladsch/flexmark/flexmark-ext-xwiki-macros/0.42.14/flexmark-ext-xwiki-macros-0.42.14.jar" package="flexmark-ext-xwiki-macros-0.42.14.jar" skipped="0" tests="1" timestamp="2025-02-19T15:21:02.589602"><testcase classname="dependency-check" name="flexmark-ext-xwiki-macros-0.42.14.jar"/></testsuite><testsuite failures="0" errors="0" time="0" id="94" name="$HOME/.m2/repository/com/vladsch/flexmark/flexmark-ext-yaml-front-matter/0.42.14/flexmark-ext-yaml-front-matter-0.42.14.jar" package="flexmark-ext-yaml-front-matter-0.42.14.jar" skipped="0" tests="1" timestamp="2025-02-19T15:21:02.589602"><testcase classname="dependency-check" name="flexmark-ext-yaml-front-matter-0.42.14.jar"/></testsuite><testsuite failures="0" errors="0" time="0" id="95" name="$HOME/.m2/repository/com/vladsch/flexmark/flexmark-ext-youtube-embedded/0.42.14/flexmark-ext-youtube-embedded-0.42.14.jar" package="flexmark-ext-youtube-embedded-0.42.14.jar" skipped="0" tests="1" timestamp="2025-02-19T15:21:02.589602"><testcase classname="dependency-check" name="flexmark-ext-youtube-embedded-0.42.14.jar"/></testsuite><testsuite failures="0" errors="0" time="0" id="96" name="$HOME/.m2/repository/com/vladsch/flexmark/flexmark-formatter/0.42.14/flexmark-formatter-0.42.14.jar" package="flexmark-formatter-0.42.14.jar" skipped="0" tests="1" timestamp="2025-02-19T15:21:02.589602"><testcase classname="dependency-check" name="flexmark-formatter-0.42.14.jar"/></testsuite><testsuite failures="0" errors="0" time="0" id="97" name="$HOME/.m2/repository/com/vladsch/flexmark/flexmark-html-parser/0.42.14/flexmark-html-parser-0.42.14.jar" package="flexmark-html-parser-0.42.14.jar" skipped="0" tests="1" timestamp="2025-02-19T15:21:02.589602"><testcase classname="dependency-check" name="flexmark-html-parser-0.42.14.jar"/></testsuite><testsuite failures="0" errors="0" time="0" id="98" name="$HOME/.m2/repository/com/vladsch/flexmark/flexmark-jira-converter/0.42.14/flexmark-jira-converter-0.42.14.jar" package="flexmark-jira-converter-0.42.14.jar" skipped="0" tests="1" timestamp="2025-02-19T15:21:02.589602"><testcase classname="dependency-check" name="flexmark-jira-converter-0.42.14.jar"/></testsuite><testsuite failures="0" errors="0" time="0" id="99" name="$HOME/.m2/repository/com/vladsch/flexmark/flexmark-profile-pegdown/0.42.14/flexmark-profile-pegdown-0.42.14.jar" package="flexmark-profile-pegdown-0.42.14.jar" skipped="0" tests="1" timestamp="2025-02-19T15:21:02.589602"><testcase classname="dependency-check" name="flexmark-profile-pegdown-0.42.14.jar"/></testsuite><testsuite failures="0" errors="0" time="0" id="100" name="$HOME/.m2/repository/com/vladsch/flexmark/flexmark-util/0.42.14/flexmark-util-0.42.14.jar" package="flexmark-util-0.42.14.jar" skipped="0" tests="1" timestamp="2025-02-19T15:21:02.589602"><testcase classname="dependency-check" name="flexmark-util-0.42.14.jar"/></testsuite><testsuite failures="0" errors="0" time="0" id="101" name="$HOME/.m2/repository/com/vladsch/flexmark/flexmark-youtrack-converter/0.42.14/flexmark-youtrack-converter-0.42.14.jar" package="flexmark-youtrack-converter-0.42.14.jar" skipped="0" tests="1" timestamp="2025-02-19T15:21:02.589602"><testcase classname="dependency-check" name="flexmark-youtrack-converter-0.42.14.jar"/></testsuite><testsuite failures="0" errors="0" time="0" id="102" name="$HOME/.m2/repository/com/google/collections/google-collections/1.0/google-collections-1.0.jar" package="google-collections-1.0.jar" skipped="0" tests="1" timestamp="2025-02-19T15:21:02.589602"><testcase classname="dependency-check" name="google-collections-1.0.jar"/></testsuite><testsuite failures="0" errors="0" time="0" id="103" name="$HOME/.m2/repository/com/google/code/gson/gson/2.9.0/gson-2.9.0.jar" package="gson-2.9.0.jar" skipped="0" tests="1" timestamp="2025-02-19T15:21:02.589602"><testcase classname="dependency-check" name="gson-2.9.0.jar"/></testsuite><testsuite failures="3" errors="0" time="0" id="104" name="$HOME/.m2/repository/com/google/guava/guava/16.0.1/guava-16.0.1.jar" package="guava-16.0.1.jar" skipped="0" tests="3" timestamp="2025-02-19T15:21:02.589602"><testcase classname="CVE-2023-2976" name="pkg:maven/com.google.guava/guava@16.0.1"><failure message="cvssV3: HIGH, score: 7.1 (CVSS:3.1/AV:L/AC:L/PR:L/UI:N/S:U/C:H/I:H/A:N/E:1.8/RC:R/MAV:A)"/><system-out>Use of Java&apos;s default temporary directory for file creation in `FileBackedOutputStream` in Google Guava versions 1.0 to 31.1 on Unix systems and Android Ice Cream Sandwich allows other users and apps on the machine with access to the default Java temporary directory to be able to access the files created by the class.

Even though the security vulnerability is fixed in version 32.0.0, we recommend using version 32.0.1 as version 32.0.0 breaks some functionality under Windows.</system-out><system-err>location: $HOME/.m2/repository/com/google/guava/guava/16.0.1/guava-16.0.1.jar, project-references: [ test (plugins) ]</system-err></testcase><testcase classname="CVE-2018-10237" name="pkg:maven/com.google.guava/guava@16.0.1"><failure message="cvssV3: MEDIUM, score: 5.9 (CVSS:3.1/AV:N/AC:H/PR:N/UI:N/S:U/C:N/I:N/A:H/E:2.2/RC:R/MAV:A)"/><system-out>Unbounded memory allocation in Google Guava 11.0 through 24.x before 24.1.1 allows remote attackers to conduct denial of service attacks against servers that depend on this library and deserialize attacker-provided data, because the AtomicDoubleArray class (when serialized with Java serialization) and the CompoundOrdering class (when serialized with GWT serialization) perform eager allocation without appropriate checks on what a client has sent and whether the data size is reasonable.</system-out><system-err>location: $HOME/.m2/repository/com/google/guava/guava/16.0.1/guava-16.0.1.jar, project-references: [ test (plugins) ]</system-err></testcase><testcase classname="CVE-2020-8908" name="pkg:maven/com.google.guava/guava@16.0.1"><failure message="cvssV3: LOW, score: 3.3 (CVSS:3.1/AV:L/AC:L/PR:L/UI:N/S:U/C:L/I:N/A:N/E:1.8/RC:R/MAV:A)"/><system-out>A temp directory creation vulnerability exists in all versions of Guava, allowing an attacker with access to the machine to potentially access data in a temporary directory created by the Guava API com.google.common.io.Files.createTempDir(). By default, on unix-like systems, the created directory is world-readable (readable by an attacker with access to the system). The method in question has been marked @Deprecated in versions 30.0 and later and should not be used. For Android developers, we recommend choosing a temporary directory API provided by Android, such as context.getCacheDir(). For other Java developers, we recommend migrating to the Java 7 API java.nio.file.Files.createTempDirectory() which explicitly configures permissions of 700, or configuring the Java runtime&apos;s java.io.tmpdir system property to point to a location whose permissions are appropriately configured.

</system-out><system-err>location: $HOME/.m2/repository/com/google/guava/guava/16.0.1/guava-16.0.1.jar, project-references: [ test (plugins) ]</system-err></testcase></testsuite><testsuite failures="0" errors="0" time="0" id="105" name="$HOME/.m2/repository/com/google/guava/guava/33.4.0-jre/guava-33.4.0-jre.jar" package="guava-33.4.0-jre.jar" skipped="0" tests="1" timestamp="2025-02-19T15:21:02.589602"><testcase classname="dependency-check" name="guava-33.4.0-jre.jar"/></testsuite><testsuite failures="0" errors="0" time="0" id="106" name="$HOME/.m2/repository/com/google/inject/guice/4.2.1/guice-4.2.1-no_aop.jar" package="guice-4.2.1-no_aop.jar" skipped="0" tests="1" timestamp="2025-02-19T15:21:02.589602"><testcase classname="dependency-check" name="guice-4.2.1-no_aop.jar"/></testsuite><testsuite failures="1" errors="0" time="0" id="107" name="$HOME/.m2/repository/com/h2database/h2/2.3.232/h2-2.3.232.jar" package="h2-2.3.232.jar" skipped="0" tests="1" timestamp="2025-02-19T15:21:02.589602"><testcase classname="CVE-2018-14335" name="pkg:maven/com.h2database/h2@2.3.232"><failure message="cvssV3: MEDIUM, score: 6.0 (CVSS:3.1/AV:L/AC:L/PR:H/UI:N/S:C/C:H/I:N/A:N)"/><system-out>h2database - Improper Link Resolution Before File Access

The software attempts to access a file based on the filename, but it does not properly prevent that filename from identifying a link or shortcut that resolves to an unintended resource.</system-out><system-err>location: $HOME/.m2/repository/com/h2database/h2/2.3.232/h2-2.3.232.jar, project-references: [ test (plugins) ]</system-err></testcase></testsuite><testsuite failures="0" errors="0" time="0" id="108" name="$HOME/.m2/repository/com/h2database/h2/2.3.232/h2-2.3.232.jar/org/h2/util/data.zip/org/h2/server/web/res/table.js" package="h2-2.3.232.jar: data.zip: table.js" skipped="0" tests="1" timestamp="2025-02-19T15:21:02.589602"><testcase classname="dependency-check" name="h2-2.3.232.jar: data.zip: table.js"/></testsuite><testsuite failures="0" errors="0" time="0" id="109" name="$HOME/.m2/repository/com/h2database/h2/2.3.232/h2-2.3.232.jar/org/h2/util/data.zip/org/h2/server/web/res/tree.js" package="h2-2.3.232.jar: data.zip: tree.js" skipped="0" tests="1" timestamp="2025-02-19T15:21:02.589602"><testcase classname="dependency-check" name="h2-2.3.232.jar: data.zip: tree.js"/></testsuite><testsuite failures="0" errors="0" time="0" id="110" name="$HOME/.m2/repository/org/apache/httpcomponents/httpclient/4.5.13/httpclient-4.5.13.jar" package="httpclient-4.5.13.jar" skipped="0" tests="1" timestamp="2025-02-19T15:21:02.589602"><testcase classname="dependency-check" name="httpclient-4.5.13.jar"/></testsuite><testsuite failures="0" errors="0" time="0" id="111" name="$HOME/.m2/repository/org/apache/httpcomponents/client5/httpclient5/5.4.2/httpclient5-5.4.2.jar" package="httpclient5-5.4.2.jar" skipped="0" tests="1" timestamp="2025-02-19T15:21:02.589602"><testcase classname="dependency-check" name="httpclient5-5.4.2.jar"/></testsuite><testsuite failures="0" errors="0" time="0" id="112" name="$HOME/.m2/repository/org/apache/httpcomponents/httpcore/4.4.14/httpcore-4.4.14.jar" package="httpcore-4.4.14.jar" skipped="0" tests="1" timestamp="2025-02-19T15:21:02.589602"><testcase classname="dependency-check" name="httpcore-4.4.14.jar"/></testsuite><testsuite failures="0" errors="0" time="0" id="113" name="$HOME/.m2/repository/org/apache/httpcomponents/core5/httpcore5/5.3.3/httpcore5-5.3.3.jar" package="httpcore5-5.3.3.jar" skipped="0" tests="1" timestamp="2025-02-19T15:21:02.589602"><testcase classname="dependency-check" name="httpcore5-5.3.3.jar"/></testsuite><testsuite failures="0" errors="0" time="0" id="114" name="$HOME/.m2/repository/org/apache/httpcomponents/core5/httpcore5-h2/5.3.3/httpcore5-h2-5.3.3.jar" package="httpcore5-h2-5.3.3.jar" skipped="0" tests="1" timestamp="2025-02-19T15:21:02.589602"><testcase classname="dependency-check" name="httpcore5-h2-5.3.3.jar"/></testsuite><testsuite failures="0" errors="0" time="0" id="115" name="$HOME/.m2/repository/com/google/j2objc/j2objc-annotations/3.0.0/j2objc-annotations-3.0.0.jar" package="j2objc-annotations-3.0.0.jar" skipped="0" tests="1" timestamp="2025-02-19T15:21:02.589602"><testcase classname="dependency-check" name="j2objc-annotations-3.0.0.jar"/></testsuite><testsuite failures="0" errors="0" time="0" id="116" name="$HOME/.m2/repository/com/fasterxml/jackson/core/jackson-core/2.18.2/jackson-core-2.18.2.jar" package="jackson-core-2.18.2.jar" skipped="0" tests="1" timestamp="2025-02-19T15:21:02.589602"><testcase classname="dependency-check" name="jackson-core-2.18.2.jar"/></testsuite><testsuite failures="0" errors="0" time="0" id="117" name="$HOME/.m2/repository/com/fasterxml/jackson/core/jackson-databind/2.18.2/jackson-databind-2.18.2.jar" package="jackson-databind-2.18.2.jar" skipped="0" tests="1" timestamp="2025-02-19T15:21:02.589602"><testcase classname="dependency-check" name="jackson-databind-2.18.2.jar"/></testsuite><testsuite failures="0" errors="0" time="0" id="118" name="$HOME/.m2/repository/com/fasterxml/jackson/dataformat/jackson-dataformat-yaml/2.18.2/jackson-dataformat-yaml-2.18.2.jar" package="jackson-dataformat-yaml-2.18.2.jar" skipped="0" tests="1" timestamp="2025-02-19T15:21:02.589602"><testcase classname="dependency-check" name="jackson-dataformat-yaml-2.18.2.jar"/></testsuite><testsuite failures="0" errors="0" time="0" id="119" name="$HOME/.m2/repository/com/fasterxml/jackson/module/jackson-module-blackbird/2.18.2/jackson-module-blackbird-2.18.2.jar" package="jackson-module-blackbird-2.18.2.jar" skipped="0" tests="1" timestamp="2025-02-19T15:21:02.589602"><testcase classname="dependency-check" name="jackson-module-blackbird-2.18.2.jar"/></testsuite><testsuite failures="0" errors="0" time="0" id="120" name="$HOME/.m2/repository/org/glassfish/jakarta.json/2.0.1/jakarta.json-2.0.1.jar" package="jakarta.json-2.0.1.jar" skipped="0" tests="1" timestamp="2025-02-19T15:21:02.589602"><testcase classname="dependency-check" name="jakarta.json-2.0.1.jar"/></testsuite><testsuite failures="0" errors="0" time="0" id="121" name="$HOME/.m2/repository/jakarta/transaction/jakarta.transaction-api/1.3.3/jakarta.transaction-api-1.3.3.jar" package="jakarta.transaction-api-1.3.3.jar" skipped="0" tests="1" timestamp="2025-02-19T15:21:02.589602"><testcase classname="dependency-check" name="jakarta.transaction-api-1.3.3.jar"/></testsuite><testsuite failures="0" errors="0" time="0" id="122" name="$HOME/.m2/repository/javax/activation/javax.activation-api/1.2.0/javax.activation-api-1.2.0.jar" package="javax.activation-api-1.2.0.jar" skipped="0" tests="1" timestamp="2025-02-19T15:21:02.589602"><testcase classname="dependency-check" name="javax.activation-api-1.2.0.jar"/></testsuite><testsuite failures="0" errors="0" time="0" id="123" name="$HOME/.m2/repository/javax/annotation/javax.annotation-api/1.2/javax.annotation-api-1.2.jar" package="javax.annotation-api-1.2.jar" skipped="0" tests="1" timestamp="2025-02-19T15:21:02.589602"><testcase classname="dependency-check" name="javax.annotation-api-1.2.jar"/></testsuite><testsuite failures="0" errors="0" time="0" id="124" name="$HOME/.m2/repository/javax/inject/javax.inject/1/javax.inject-1.jar" package="javax.inject-1.jar" skipped="0" tests="1" timestamp="2025-02-19T15:21:02.589602"><testcase classname="dependency-check" name="javax.inject-1.jar"/></testsuite><testsuite failures="0" errors="0" time="0" id="125" name="$HOME/.m2/repository/javax/servlet/javax.servlet-api/3.1.0/javax.servlet-api-3.1.0.jar" package="javax.servlet-api-3.1.0.jar" skipped="0" tests="1" timestamp="2025-02-19T15:21:02.589602"><testcase classname="dependency-check" name="javax.servlet-api-3.1.0.jar"/></testsuite><testsuite failures="0" errors="0" time="0" id="126" name="$HOME/.m2/repository/javax/ws/rs/javax.ws.rs-api/2.0.1/javax.ws.rs-api-2.0.1.jar" package="javax.ws.rs-api-2.0.1.jar" skipped="0" tests="1" timestamp="2025-02-19T15:21:02.589602"><testcase classname="dependency-check" name="javax.ws.rs-api-2.0.1.jar"/></testsuite><testsuite failures="0" errors="0" time="0" id="127" name="$HOME/.m2/repository/javax/xml/bind/jaxb-api/2.3.1/jaxb-api-2.3.1.jar" package="jaxb-api-2.3.1.jar" skipped="0" tests="1" timestamp="2025-02-19T15:21:02.589602"><testcase classname="dependency-check" name="jaxb-api-2.3.1.jar"/></testsuite><testsuite failures="0" errors="0" time="0" id="128" name="$HOME/.m2/repository/io/github/jeremylong/jcs3-slf4j/1.0.5/jcs3-slf4j-1.0.5.jar" package="jcs3-slf4j-1.0.5.jar" skipped="0" tests="1" timestamp="2025-02-19T15:21:02.589602"><testcase classname="dependency-check" name="jcs3-slf4j-1.0.5.jar"/></testsuite><testsuite failures="0" errors="0" time="0" id="129" name="$HOME/.m2/repository/org/anarres/jdiagnostics/jdiagnostics/1.0.7/jdiagnostics-1.0.7.jar" package="jdiagnostics-1.0.7.jar" skipped="0" tests="1" timestamp="2025-02-19T15:21:02.589602"><testcase classname="dependency-check" name="jdiagnostics-1.0.7.jar"/></testsuite><testsuite failures="12" errors="0" time="0" id="130" name="$HOME/.m2/repository/org/eclipse/jetty/jetty-http/9.4.46.v20220331/jetty-http-9.4.46.v20220331.jar" package="jetty-http-9.4.46.v20220331.jar" skipped="0" tests="12" timestamp="2025-02-19T15:21:02.589602"><testcase classname="CVE-2022-2048" name="pkg:maven/org.eclipse.jetty/jetty-http@9.4.46.v20220331"><failure message="cvssV3: HIGH, score: 7.5 (CVSS:3.1/AV:N/AC:L/PR:N/UI:N/S:U/C:N/I:N/A:H/E:3.9/RC:R/MAV:A)"/><system-out>In Eclipse Jetty HTTP/2 server implementation, when encountering an invalid HTTP/2 request, the error handling has a bug that can wind up not properly cleaning up the active connections and associated resources. This can lead to a Denial of Service scenario where there are no enough resources left to process good requests.</system-out><system-err>location: $HOME/.m2/repository/org/eclipse/jetty/jetty-http/9.4.46.v20220331/jetty-http-9.4.46.v20220331.jar, project-references: [ test (plugins) ]</system-err></testcase><testcase classname="CVE-2023-36478" name="pkg:maven/org.eclipse.jetty/jetty-http@9.4.46.v20220331"><failure message="cvssV3: HIGH, score: 7.5 (CVSS:3.1/AV:N/AC:L/PR:N/UI:N/S:U/C:N/I:N/A:H/E:3.9/RC:R/MAV:A)"/><system-out>Eclipse Jetty provides a web server and servlet container. In versions 11.0.0 through 11.0.15, 10.0.0 through 10.0.15, and 9.0.0 through 9.4.52, an integer overflow in `MetaDataBuilder.checkSize` allows for HTTP/2 HPACK header values to
exceed their size limit. `MetaDataBuilder.java` determines if a header name or value exceeds the size limit, and throws an exception if the limit is exceeded. However, when length is very large and huffman is true, the multiplication by 4 in line 295
will overflow, and length will become negative. `(_size+length)` will now be negative, and the check on line 296 will not be triggered. Furthermore, `MetaDataBuilder.checkSize` allows for user-entered HPACK header value sizes to be negative, potentially leading to a very large buffer allocation later on when the user-entered size is multiplied by 2. This means that if a user provides a negative length value (or, more precisely, a length value which, when multiplied by the 4/3 fudge factor, is negative), and this length value is a very large positive number when multiplied by 2, then the user can cause a very large buffer to be allocated on the server. Users of HTTP/2 can be impacted by a remote denial of service attack. The issue has been fixed in versions 11.0.16, 10.0.16, and 9.4.53. There are no known workarounds.</system-out><system-err>location: $HOME/.m2/repository/org/eclipse/jetty/jetty-http/9.4.46.v20220331/jetty-http-9.4.46.v20220331.jar, project-references: [ test (plugins) ]</system-err></testcase><testcase classname="CVE-2023-44487" name="pkg:maven/org.eclipse.jetty/jetty-http@9.4.46.v20220331"><failure message="cvssV3: HIGH, score: 7.5 (CVSS:3.1/AV:N/AC:L/PR:N/UI:N/S:U/C:N/I:N/A:H/E:3.9/RC:R/MAV:A)"/><system-out>The HTTP/2 protocol allows a denial of service (server resource consumption) because request cancellation can reset many streams quickly, as exploited in the wild in August through October 2023.</system-out><system-err>location: $HOME/.m2/repository/org/eclipse/jetty/jetty-http/9.4.46.v20220331/jetty-http-9.4.46.v20220331.jar, project-references: [ test (plugins) ]</system-err></testcase><testcase classname="CVE-2024-22201" name="pkg:maven/org.eclipse.jetty/jetty-http@9.4.46.v20220331"><failure message="cvssV3: HIGH, score: 7.5 (CVSS:3.1/AV:N/AC:L/PR:N/UI:N/S:U/C:N/I:N/A:H/E:3.9/RC:R/MAV:A)"/><system-out>Jetty is a Java based web server and servlet engine. An HTTP/2 SSL connection that is established and TCP congested will be leaked when it times out. An attacker can cause many connections to end up in this state, and the server may run out of file descriptors, eventually causing the server to stop accepting new connections from valid clients. The vulnerability is patched in 9.4.54, 10.0.20, 11.0.20, and 12.0.6.</system-out><system-err>location: $HOME/.m2/repository/org/eclipse/jetty/jetty-http/9.4.46.v20220331/jetty-http-9.4.46.v20220331.jar, project-references: [ test (plugins) ]</system-err></testcase><testcase classname="CVE-2024-8184" name="pkg:maven/org.eclipse.jetty/jetty-http@9.4.46.v20220331"><failure message="cvssV3: MEDIUM, score: 6.5 (CVSS:3.1/AV:N/AC:L/PR:L/UI:N/S:U/C:N/I:N/A:H/E:2.8/RC:R/MAV:A)"/><system-out>There exists a security vulnerability in Jetty&apos;s ThreadLimitHandler.getRemote() which can be exploited by unauthorized users to cause remote denial-of-service (DoS) attack.  By repeatedly sending crafted requests, attackers can trigger OutofMemory errors and exhaust the server&apos;s memory.</system-out><system-err>location: $HOME/.m2/repository/org/eclipse/jetty/jetty-http/9.4.46.v20220331/jetty-http-9.4.46.v20220331.jar, project-references: [ test (plugins) ]</system-err></testcase><testcase classname="CVE-2023-26048" name="pkg:maven/org.eclipse.jetty/jetty-http@9.4.46.v20220331"><failure message="cvssV3: MEDIUM, score: 5.3 (CVSS:3.1/AV:N/AC:L/PR:N/UI:N/S:U/C:N/I:N/A:L/E:3.9/RC:R/MAV:A)"/><system-out>Jetty is a java based web server and servlet engine. In affected versions servlets with multipart support (e.g. annotated with `@MultipartConfig`) that call `HttpServletRequest.getParameter()` or `HttpServletRequest.getParts()` may cause `OutOfMemoryError` when the client sends a multipart request with a part that has a name but no filename and very large content. This happens even with the default settings of `fileSizeThreshold=0` which should stream the whole part content to disk. An attacker client may send a large multipart request and cause the server to throw `OutOfMemoryError`. However, the server may be able to recover after the `OutOfMemoryError` and continue its service -- although it may take some time. This issue has been patched in versions 9.4.51, 10.0.14, and 11.0.14. Users are advised to upgrade. Users unable to upgrade may set the multipart parameter `maxRequestSize` which must be set to a non-negative value, so the whole multipart content is limited (although still read into memory).</system-out><system-err>location: $HOME/.m2/repository/org/eclipse/jetty/jetty-http/9.4.46.v20220331/jetty-http-9.4.46.v20220331.jar, project-references: [ test (plugins) ]</system-err></testcase><testcase classname="CVE-2023-26049" name="pkg:maven/org.eclipse.jetty/jetty-http@9.4.46.v20220331"><failure message="cvssV3: MEDIUM, score: 5.3 (CVSS:3.1/AV:N/AC:L/PR:N/UI:N/S:U/C:L/I:N/A:N/E:3.9/RC:R/MAV:A)"/><system-out>Jetty is a java based web server and servlet engine. Nonstandard cookie parsing in Jetty may allow an attacker to smuggle cookies within other cookies, or otherwise perform unintended behavior by tampering with the cookie parsing mechanism. If Jetty sees a cookie VALUE that starts with `&quot;` (double quote), it will continue to read the cookie string until it sees a closing quote -- even if a semicolon is encountered. So, a cookie header such as: `DISPLAY_LANGUAGE=&quot;b; JSESSIONID=1337; c=d&quot;` will be parsed as one cookie, with the name DISPLAY_LANGUAGE and a value of b; JSESSIONID=1337; c=d instead of 3 separate cookies. This has security implications because if, say, JSESSIONID is an HttpOnly cookie, and the DISPLAY_LANGUAGE cookie value is rendered on the page, an attacker can smuggle the JSESSIONID cookie into the DISPLAY_LANGUAGE cookie and thereby exfiltrate it. This is significant when an intermediary is enacting some policy based on cookies, so a smuggled cookie can bypass that policy yet still be seen by the Jetty server or its logging system. This issue has been addressed in versions 9.4.51, 10.0.14, 11.0.14, and 12.0.0.beta0 and users are advised to upgrade. There are no known workarounds for this issue.</system-out><system-err>location: $HOME/.m2/repository/org/eclipse/jetty/jetty-http/9.4.46.v20220331/jetty-http-9.4.46.v20220331.jar, project-references: [ test (plugins) ]</system-err></testcase><testcase classname="CVE-2023-40167" name="pkg:maven/org.eclipse.jetty/jetty-http@9.4.46.v20220331"><failure message="cvssV3: MEDIUM, score: 5.3 (CVSS:3.1/AV:N/AC:L/PR:N/UI:N/S:U/C:N/I:L/A:N/E:3.9/RC:R/MAV:A)"/><system-out>Jetty is a Java based web server and servlet engine. Prior to versions 9.4.52, 10.0.16, 11.0.16, and 12.0.1, Jetty accepts the `+` character proceeding the content-length value in a HTTP/1 header field.  This is more permissive than allowed by the RFC and other servers routinely reject such requests with 400 responses.  There is no known exploit scenario, but it is conceivable that request smuggling could result if jetty is used in combination with a server that does not close the connection after sending such a 400 response. Versions 9.4.52, 10.0.16, 11.0.16, and 12.0.1 contain a patch for this issue. There is no workaround as there is no known exploit scenario.</system-out><system-err>location: $HOME/.m2/repository/org/eclipse/jetty/jetty-http/9.4.46.v20220331/jetty-http-9.4.46.v20220331.jar, project-references: [ test (plugins) ]</system-err></testcase><testcase classname="CVE-2024-6763" name="pkg:maven/org.eclipse.jetty/jetty-http@9.4.46.v20220331"><failure message="cvssV3: MEDIUM, score: 5.3 (CVSS:3.1/AV:N/AC:L/PR:N/UI:N/S:U/C:N/I:L/A:N/E:3.9/RC:R/MAV:A)"/><system-out>Eclipse Jetty is a lightweight, highly scalable, Java-based web server and Servlet engine . It includes a utility class, HttpURI, for URI/URL parsing.

The HttpURI class does insufficient validation on the authority segment of a URI.  However the behaviour of HttpURI
 differs from the common browsers in how it handles a URI that would be 
considered invalid if fully validated against the RRC.  Specifically HttpURI
 and the browser may differ on the value of the host extracted from an 
invalid URI and thus a combination of Jetty and a vulnerable browser may
 be vulnerable to a open redirect attack or to a SSRF attack if the URI 
is used after passing validation checks.</system-out><system-err>location: $HOME/.m2/repository/org/eclipse/jetty/jetty-http/9.4.46.v20220331/jetty-http-9.4.46.v20220331.jar, project-references: [ test (plugins) ]</system-err></testcase><testcase classname="CVE-2023-36479" name="pkg:maven/org.eclipse.jetty/jetty-http@9.4.46.v20220331"><failure message="cvssV3: MEDIUM, score: 4.3 (CVSS:3.1/AV:N/AC:L/PR:L/UI:N/S:U/C:N/I:L/A:N/E:2.8/RC:R/MAV:A)"/><system-out>Eclipse Jetty Canonical Repository is the canonical repository for the Jetty project. Users of the CgiServlet with a very specific command structure may have the wrong command executed. If a user sends a request to a org.eclipse.jetty.servlets.CGI Servlet for a binary with a space in its name, the servlet will escape the command by wrapping it in quotation marks. This wrapped command, plus an optional command prefix, will then be executed through a call to Runtime.exec. If the original binary name provided by the user contains a quotation mark followed by a space, the resulting command line will contain multiple tokens instead of one. This issue was patched in version 9.4.52, 10.0.16, 11.0.16 and 12.0.0-beta2.</system-out><system-err>location: $HOME/.m2/repository/org/eclipse/jetty/jetty-http/9.4.46.v20220331/jetty-http-9.4.46.v20220331.jar, project-references: [ test (plugins) ]</system-err></testcase><testcase classname="CVE-2023-41900" name="pkg:maven/org.eclipse.jetty/jetty-http@9.4.46.v20220331"><failure message="cvssV3: MEDIUM, score: 4.3 (CVSS:3.1/AV:N/AC:L/PR:L/UI:N/S:U/C:L/I:N/A:N/E:2.8/RC:R/MAV:A)"/><system-out>Jetty is a Java based web server and servlet engine. Versions 9.4.21 through 9.4.51, 10.0.15, and 11.0.15 are vulnerable to weak authentication. If a Jetty `OpenIdAuthenticator` uses the optional nested `LoginService`, and that `LoginService` decides to revoke an already authenticated user, then the current request will still treat the user as authenticated. The authentication is then cleared from the session and subsequent requests will not be treated as authenticated. So a request on a previously authenticated session could be allowed to bypass authentication after it had been rejected by the `LoginService`. This impacts usages of the jetty-openid which have configured a nested `LoginService` and where that `LoginService` will is capable of rejecting previously authenticated users. Versions 9.4.52, 10.0.16, and 11.0.16 have a patch for this issue.</system-out><system-err>location: $HOME/.m2/repository/org/eclipse/jetty/jetty-http/9.4.46.v20220331/jetty-http-9.4.46.v20220331.jar, project-references: [ test (plugins) ]</system-err></testcase><testcase classname="CVE-2022-2047" name="pkg:maven/org.eclipse.jetty/jetty-http@9.4.46.v20220331"><failure message="cvssV3: LOW, score: 2.700000047683716 (CVSS:3.1/AV:N/AC:L/PR:H/UI:N/S:U/C:N/I:L/A:N)"/><system-out>In Eclipse Jetty versions 9.4.0 thru 9.4.46, and 10.0.0 thru 10.0.9, and 11.0.0 thru 11.0.9 versions, the parsing of the authority segment of an http scheme URI, the Jetty HttpURI class improperly detects an invalid input as a hostname. This can lead to failures in a Proxy scenario.</system-out><system-err>location: $HOME/.m2/repository/org/eclipse/jetty/jetty-http/9.4.46.v20220331/jetty-http-9.4.46.v20220331.jar, project-references: [ test (plugins) ]</system-err></testcase></testsuite><testsuite failures="11" errors="0" time="0" id="131" name="$HOME/.m2/repository/org/eclipse/jetty/jetty-io/9.4.46.v20220331/jetty-io-9.4.46.v20220331.jar" package="jetty-io-9.4.46.v20220331.jar" skipped="0" tests="11" timestamp="2025-02-19T15:21:02.589602"><testcase classname="CVE-2022-2048" name="pkg:maven/org.eclipse.jetty/jetty-io@9.4.46.v20220331"><failure message="cvssV3: HIGH, score: 7.5 (CVSS:3.1/AV:N/AC:L/PR:N/UI:N/S:U/C:N/I:N/A:H/E:3.9/RC:R/MAV:A)"/><system-out>In Eclipse Jetty HTTP/2 server implementation, when encountering an invalid HTTP/2 request, the error handling has a bug that can wind up not properly cleaning up the active connections and associated resources. This can lead to a Denial of Service scenario where there are no enough resources left to process good requests.</system-out><system-err>location: $HOME/.m2/repository/org/eclipse/jetty/jetty-io/9.4.46.v20220331/jetty-io-9.4.46.v20220331.jar, project-references: [ test (plugins) ]</system-err></testcase><testcase classname="CVE-2023-36478" name="pkg:maven/org.eclipse.jetty/jetty-io@9.4.46.v20220331"><failure message="cvssV3: HIGH, score: 7.5 (CVSS:3.1/AV:N/AC:L/PR:N/UI:N/S:U/C:N/I:N/A:H/E:3.9/RC:R/MAV:A)"/><system-out>Eclipse Jetty provides a web server and servlet container. In versions 11.0.0 through 11.0.15, 10.0.0 through 10.0.15, and 9.0.0 through 9.4.52, an integer overflow in `MetaDataBuilder.checkSize` allows for HTTP/2 HPACK header values to
exceed their size limit. `MetaDataBuilder.java` determines if a header name or value exceeds the size limit, and throws an exception if the limit is exceeded. However, when length is very large and huffman is true, the multiplication by 4 in line 295
[...]
3.3.4/maven-shared-utils-3.3.4.jar" package="maven-shared-utils-3.3.4.jar" skipped="0" tests="1" timestamp="2025-02-19T15:21:02.589602"><testcase classname="dependency-check" name="maven-shared-utils-3.3.4.jar"/></testsuite><testsuite failures="0" errors="0" time="0" id="178" name="$HOME/.m2/repository/org/apache/maven/shared/maven-shared-utils/3.4.2/maven-shared-utils-3.4.2.jar" package="maven-shared-utils-3.4.2.jar" skipped="0" tests="1" timestamp="2025-02-19T15:21:02.589602"><testcase classname="dependency-check" name="maven-shared-utils-3.4.2.jar"/></testsuite><testsuite failures="0" errors="0" time="0" id="179" name="$HOME/.m2/repository/org/apache/maven/plugins/maven-site-plugin/3.12.1/maven-site-plugin-3.12.1.jar" package="maven-site-plugin-3.12.1.jar" skipped="0" tests="1" timestamp="2025-02-19T15:21:02.589602"><testcase classname="dependency-check" name="maven-site-plugin-3.12.1.jar"/></testsuite><testsuite failures="0" errors="0" time="0" id="180" name="$HOME/.m2/repository/com/esotericsoftware/minlog/1.3.1/minlog-1.3.1.jar" package="minlog-1.3.1.jar" skipped="0" tests="1" timestamp="2025-02-19T15:21:02.589602"><testcase classname="dependency-check" name="minlog-1.3.1.jar"/></testsuite><testsuite failures="0" errors="0" time="0" id="181" name="$HOME/.m2/repository/io/github/jeremylong/open-vulnerability-clients/7.2.2/open-vulnerability-clients-7.2.2.jar" package="open-vulnerability-clients-7.2.2.jar" skipped="0" tests="1" timestamp="2025-02-19T15:21:02.589602"><testcase classname="dependency-check" name="open-vulnerability-clients-7.2.2.jar"/></testsuite><testsuite failures="0" errors="0" time="0" id="182" name="$HOME/.m2/repository/org/eclipse/sisu/org.eclipse.sisu.inject/0.3.4/org.eclipse.sisu.inject-0.3.4.jar" package="org.eclipse.sisu.inject-0.3.4.jar" skipped="0" tests="1" timestamp="2025-02-19T15:21:02.589602"><testcase classname="dependency-check" name="org.eclipse.sisu.inject-0.3.4.jar"/></testsuite><testsuite failures="0" errors="0" time="0" id="183" name="$HOME/.m2/repository/org/eclipse/sisu/org.eclipse.sisu.inject/0.3.5/org.eclipse.sisu.inject-0.3.5.jar" package="org.eclipse.sisu.inject-0.3.5.jar" skipped="0" tests="1" timestamp="2025-02-19T15:21:02.589602"><testcase classname="dependency-check" name="org.eclipse.sisu.inject-0.3.5.jar"/></testsuite><testsuite failures="0" errors="0" time="0" id="184" name="$HOME/.m2/repository/org/eclipse/sisu/org.eclipse.sisu.plexus/0.3.4/org.eclipse.sisu.plexus-0.3.4.jar" package="org.eclipse.sisu.plexus-0.3.4.jar" skipped="0" tests="1" timestamp="2025-02-19T15:21:02.589602"><testcase classname="dependency-check" name="org.eclipse.sisu.plexus-0.3.4.jar"/></testsuite><testsuite failures="0" errors="0" time="0" id="185" name="$HOME/.m2/repository/org/eclipse/sisu/org.eclipse.sisu.plexus/0.3.5/org.eclipse.sisu.plexus-0.3.5.jar" package="org.eclipse.sisu.plexus-0.3.5.jar" skipped="0" tests="1" timestamp="2025-02-19T15:21:02.589602"><testcase classname="dependency-check" name="org.eclipse.sisu.plexus-0.3.5.jar"/></testsuite><testsuite failures="0" errors="0" time="0" id="186" name="$HOME/.m2/repository/oro/oro/2.0.8/oro-2.0.8.jar" package="oro-2.0.8.jar" skipped="0" tests="1" timestamp="2025-02-19T15:21:02.589602"><testcase classname="dependency-check" name="oro-2.0.8.jar"/></testsuite><testsuite failures="0" errors="0" time="0" id="187" name="$HOME/.m2/repository/org/sonatype/ossindex/ossindex-service-api/1.8.2/ossindex-service-api-1.8.2.jar" package="ossindex-service-api-1.8.2.jar" skipped="0" tests="1" timestamp="2025-02-19T15:21:02.589602"><testcase classname="dependency-check" name="ossindex-service-api-1.8.2.jar"/></testsuite><testsuite failures="0" errors="0" time="0" id="188" name="$HOME/.m2/repository/org/sonatype/ossindex/ossindex-service-client/1.8.2/ossindex-service-client-1.8.2.jar" package="ossindex-service-client-1.8.2.jar" skipped="0" tests="1" timestamp="2025-02-19T15:21:02.589602"><testcase classname="dependency-check" name="ossindex-service-client-1.8.2.jar"/></testsuite><testsuite failures="0" errors="0" time="0" id="189" name="$HOME/.m2/repository/org/sonatype/goodies/package-url-java/1.2.0/package-url-java-1.2.0.jar" package="package-url-java-1.2.0.jar" skipped="0" tests="1" timestamp="2025-02-19T15:21:02.589602"><testcase classname="dependency-check" name="package-url-java-1.2.0.jar"/></testsuite><testsuite failures="0" errors="0" time="0" id="190" name="$HOME/.m2/repository/org/eclipse/packager/packager-core/0.21.0/packager-core-0.21.0.jar" package="packager-core-0.21.0.jar" skipped="0" tests="1" timestamp="2025-02-19T15:21:02.589602"><testcase classname="dependency-check" name="packager-core-0.21.0.jar"/></testsuite><testsuite failures="0" errors="0" time="0" id="191" name="$HOME/.m2/repository/org/eclipse/packager/packager-rpm/0.21.0/packager-rpm-0.21.0.jar" package="packager-rpm-0.21.0.jar" skipped="0" tests="1" timestamp="2025-02-19T15:21:02.589602"><testcase classname="dependency-check" name="packager-rpm-0.21.0.jar"/></testsuite><testsuite failures="0" errors="0" time="0" id="192" name="$HOME/.m2/repository/com/github/package-url/packageurl-java/1.5.0/packageurl-java-1.5.0.jar" package="packageurl-java-1.5.0.jar" skipped="0" tests="1" timestamp="2025-02-19T15:21:02.589602"><testcase classname="dependency-check" name="packageurl-java-1.5.0.jar"/></testsuite><testsuite failures="0" errors="0" time="0" id="193" name="$HOME/.m2/repository/org/whitesource/pecoff4j/0.0.2.1/pecoff4j-0.0.2.1.jar" package="pecoff4j-0.0.2.1.jar" skipped="0" tests="1" timestamp="2025-02-19T15:21:02.589602"><testcase classname="dependency-check" name="pecoff4j-0.0.2.1.jar"/></testsuite><testsuite failures="1" errors="0" time="0" id="194" name="$HOME/.m2/repository/org/codehaus/plexus/plexus-archiver/4.2.7/plexus-archiver-4.2.7.jar" package="plexus-archiver-4.2.7.jar" skipped="0" tests="1" timestamp="2025-02-19T15:21:02.589602"><testcase classname="CVE-2023-37460" name="pkg:maven/org.codehaus.plexus/plexus-archiver@4.2.7"><failure message="cvssV3: CRITICAL, score: 9.8 (CVSS:3.1/AV:N/AC:L/PR:N/UI:N/S:U/C:H/I:H/A:H/E:3.9/RC:R/MAV:A)"/><system-out>Plexis Archiver is a collection of Plexus components to create archives or extract archives to a directory with a unified `Archiver`/`UnArchiver` API. Prior to version 4.8.0, using AbstractUnArchiver for extracting an archive might lead to an arbitrary file creation and possibly remote code execution. When extracting an archive with an entry that already exists in the destination directory as a symbolic link whose target does not exist - the `resolveFile()` function will return the symlink&apos;s source instead of its target, which will pass the verification that ensures the file will not be extracted outside of the destination directory. Later `Files.newOutputStream()`, that follows symlinks by default,  will actually write the entry&apos;s content to the symlink&apos;s target. Whoever uses plexus archiver to extract an untrusted archive is vulnerable to an arbitrary file creation and possibly remote code execution. Version 4.8.0 contains a patch for this issue.</system-out><system-err>location: $HOME/.m2/repository/org/codehaus/plexus/plexus-archiver/4.2.7/plexus-archiver-4.2.7.jar, project-references: [ test (plugins) ]</system-err></testcase></testsuite><testsuite failures="0" errors="0" time="0" id="195" name="$HOME/.m2/repository/org/sonatype/plexus/plexus-cipher/1.4/plexus-cipher-1.4.jar" package="plexus-cipher-1.4.jar" skipped="0" tests="1" timestamp="2025-02-19T15:21:02.589602"><testcase classname="dependency-check" name="plexus-cipher-1.4.jar"/></testsuite><testsuite failures="0" errors="0" time="0" id="196" name="$HOME/.m2/repository/org/sonatype/plexus/plexus-cipher/1.7/plexus-cipher-1.7.jar" package="plexus-cipher-1.7.jar" skipped="0" tests="1" timestamp="2025-02-19T15:21:02.589602"><testcase classname="dependency-check" name="plexus-cipher-1.7.jar"/></testsuite><testsuite failures="0" errors="0" time="0" id="197" name="$HOME/.m2/repository/org/codehaus/plexus/plexus-classworlds/2.5.2/plexus-classworlds-2.5.2.jar" package="plexus-classworlds-2.5.2.jar" skipped="0" tests="1" timestamp="2025-02-19T15:21:02.589602"><testcase classname="dependency-check" name="plexus-classworlds-2.5.2.jar"/></testsuite><testsuite failures="0" errors="0" time="0" id="198" name="$HOME/.m2/repository/org/codehaus/plexus/plexus-classworlds/2.6.0/plexus-classworlds-2.6.0.jar" package="plexus-classworlds-2.6.0.jar" skipped="0" tests="1" timestamp="2025-02-19T15:21:02.589602"><testcase classname="dependency-check" name="plexus-classworlds-2.6.0.jar"/></testsuite><testsuite failures="0" errors="0" time="0" id="199" name="$HOME/.m2/repository/org/codehaus/plexus/plexus-component-annotations/2.1.0/plexus-component-annotations-2.1.0.jar" package="plexus-component-annotations-2.1.0.jar" skipped="0" tests="1" timestamp="2025-02-19T15:21:02.589602"><testcase classname="dependency-check" name="plexus-component-annotations-2.1.0.jar"/></testsuite><testsuite failures="0" errors="0" time="0" id="200" name="$HOME/.m2/repository/org/codehaus/plexus/plexus-component-annotations/2.1.1/plexus-component-annotations-2.1.1.jar" package="plexus-component-annotations-2.1.1.jar" skipped="0" tests="1" timestamp="2025-02-19T15:21:02.589602"><testcase classname="dependency-check" name="plexus-component-annotations-2.1.1.jar"/></testsuite><testsuite failures="0" errors="0" time="0" id="201" name="$HOME/.m2/repository/org/codehaus/plexus/plexus-container-default/2.1.0/plexus-container-default-2.1.0.jar" package="plexus-container-default-2.1.0.jar" skipped="0" tests="1" timestamp="2025-02-19T15:21:02.589602"><testcase classname="dependency-check" name="plexus-container-default-2.1.0.jar"/></testsuite><testsuite failures="0" errors="0" time="0" id="202" name="$HOME/.m2/repository/org/codehaus/plexus/plexus-i18n/1.0-beta-10/plexus-i18n-1.0-beta-10.jar" package="plexus-i18n-1.0-beta-10.jar" skipped="0" tests="1" timestamp="2025-02-19T15:21:02.589602"><testcase classname="dependency-check" name="plexus-i18n-1.0-beta-10.jar"/></testsuite><testsuite failures="0" errors="0" time="0" id="203" name="$HOME/.m2/repository/org/codehaus/plexus/plexus-interpolation/1.25/plexus-interpolation-1.25.jar" package="plexus-interpolation-1.25.jar" skipped="0" tests="1" timestamp="2025-02-19T15:21:02.589602"><testcase classname="dependency-check" name="plexus-interpolation-1.25.jar"/></testsuite><testsuite failures="0" errors="0" time="0" id="204" name="$HOME/.m2/repository/org/codehaus/plexus/plexus-interpolation/1.26/plexus-interpolation-1.26.jar" package="plexus-interpolation-1.26.jar" skipped="0" tests="1" timestamp="2025-02-19T15:21:02.589602"><testcase classname="dependency-check" name="plexus-interpolation-1.26.jar"/></testsuite><testsuite failures="0" errors="0" time="0" id="205" name="$HOME/.m2/repository/org/codehaus/plexus/plexus-io/3.2.0/plexus-io-3.2.0.jar" package="plexus-io-3.2.0.jar" skipped="0" tests="1" timestamp="2025-02-19T15:21:02.589602"><testcase classname="dependency-check" name="plexus-io-3.2.0.jar"/></testsuite><testsuite failures="0" errors="0" time="0" id="206" name="$HOME/.m2/repository/org/sonatype/plexus/plexus-sec-dispatcher/1.3/plexus-sec-dispatcher-1.3.jar" package="plexus-sec-dispatcher-1.3.jar" skipped="0" tests="1" timestamp="2025-02-19T15:21:02.589602"><testcase classname="dependency-check" name="plexus-sec-dispatcher-1.3.jar"/></testsuite><testsuite failures="0" errors="0" time="0" id="207" name="$HOME/.m2/repository/org/sonatype/plexus/plexus-sec-dispatcher/1.4/plexus-sec-dispatcher-1.4.jar" package="plexus-sec-dispatcher-1.4.jar" skipped="0" tests="1" timestamp="2025-02-19T15:21:02.589602"><testcase classname="dependency-check" name="plexus-sec-dispatcher-1.4.jar"/></testsuite><testsuite failures="0" errors="0" time="0" id="208" name="$HOME/.m2/repository/org/codehaus/plexus/plexus-utils/3.4.2/plexus-utils-3.4.2.jar" package="plexus-utils-3.4.2.jar" skipped="0" tests="1" timestamp="2025-02-19T15:21:02.589602"><testcase classname="dependency-check" name="plexus-utils-3.4.2.jar"/></testsuite><testsuite failures="0" errors="0" time="0" id="209" name="$HOME/.m2/repository/org/codehaus/plexus/plexus-utils/4.0.1/plexus-utils-4.0.1.jar" package="plexus-utils-4.0.1.jar" skipped="0" tests="1" timestamp="2025-02-19T15:21:02.589602"><testcase classname="dependency-check" name="plexus-utils-4.0.1.jar"/></testsuite><testsuite failures="0" errors="0" time="0" id="210" name="$HOME/.m2/repository/org/codehaus/plexus/plexus-utils/4.0.2/plexus-utils-4.0.2.jar" package="plexus-utils-4.0.2.jar" skipped="0" tests="1" timestamp="2025-02-19T15:21:02.589602"><testcase classname="dependency-check" name="plexus-utils-4.0.2.jar"/></testsuite><testsuite failures="0" errors="0" time="0" id="211" name="$HOME/.m2/repository/org/codehaus/plexus/plexus-velocity/1.2/plexus-velocity-1.2.jar" package="plexus-velocity-1.2.jar" skipped="0" tests="1" timestamp="2025-02-19T15:21:02.589602"><testcase classname="dependency-check" name="plexus-velocity-1.2.jar"/></testsuite><testsuite failures="0" errors="0" time="0" id="212" name="$HOME/.m2/repository/org/codehaus/plexus/plexus-xml/3.0.0/plexus-xml-3.0.0.jar" package="plexus-xml-3.0.0.jar" skipped="0" tests="1" timestamp="2025-02-19T15:21:02.589602"><testcase classname="dependency-check" name="plexus-xml-3.0.0.jar"/></testsuite><testsuite failures="0" errors="0" time="0" id="213" name="$HOME/.m2/repository/org/codehaus/plexus/plexus-xml/3.0.1/plexus-xml-3.0.1.jar" package="plexus-xml-3.0.1.jar" skipped="0" tests="1" timestamp="2025-02-19T15:21:02.589602"><testcase classname="dependency-check" name="plexus-xml-3.0.1.jar"/></testsuite><testsuite failures="0" errors="0" time="0" id="214" name="$HOME/.m2/repository/com/h3xstream/retirejs/retirejs-core/3.0.4/retirejs-core-3.0.4.jar" package="retirejs-core-3.0.4.jar" skipped="0" tests="1" timestamp="2025-02-19T15:21:02.589602"><testcase classname="dependency-check" name="retirejs-core-3.0.4.jar"/></testsuite><testsuite failures="0" errors="0" time="0" id="215" name="$HOME/.m2/repository/org/semver4j/semver4j/5.6.0/semver4j-5.6.0.jar" package="semver4j-5.6.0.jar" skipped="0" tests="1" timestamp="2025-02-19T15:21:02.589602"><testcase classname="dependency-check" name="semver4j-5.6.0.jar"/></testsuite><testsuite failures="0" errors="0" time="0" id="216" name="$HOME/.m2/repository/org/sonatype/sisu/sisu-guice/3.2.3/sisu-guice-3.2.3-no_aop.jar" package="sisu-guice-3.2.3-no_aop.jar" skipped="0" tests="1" timestamp="2025-02-19T15:21:02.589602"><testcase classname="dependency-check" name="sisu-guice-3.2.3-no_aop.jar"/></testsuite><testsuite failures="0" errors="0" time="0" id="217" name="$HOME/.m2/repository/org/slf4j/slf4j-api/1.7.36/slf4j-api-1.7.36.jar" package="slf4j-api-1.7.36.jar" skipped="0" tests="1" timestamp="2025-02-19T15:21:02.589602"><testcase classname="dependency-check" name="slf4j-api-1.7.36.jar"/></testsuite><testsuite failures="0" errors="0" time="0" id="218" name="$HOME/.m2/repository/org/yaml/snakeyaml/2.3/snakeyaml-2.3.jar" package="snakeyaml-2.3.jar" skipped="0" tests="1" timestamp="2025-02-19T15:21:02.589602"><testcase classname="dependency-check" name="snakeyaml-2.3.jar"/></testsuite><testsuite failures="1" errors="0" time="0" id="219" name="$HOME/.m2/repository/org/iq80/snappy/snappy/0.4/snappy-0.4.jar" package="snappy-0.4.jar" skipped="0" tests="1" timestamp="2025-02-19T15:21:02.589602"><testcase classname="CVE-2024-36124" name="pkg:maven/org.iq80.snappy/snappy@0.4"><failure message="cvssV2: MEDIUM, score: 5.300000190734863 (CVSS:4.0/AV:N/AC:L/AT:N/PR:L/UI:N/VC:N/VI:N/VA:L/SC:N/SI:N/SA:N)"/><system-out>iq80 Snappy is a compression/decompression library. When uncompressing certain data, Snappy tries to read outside the bounds of the given byte arrays. Because Snappy uses the JDK class `sun.misc.Unsafe` to speed up memory access, no additional bounds checks are performed and this has similar security consequences as out-of-bounds access in C or C++, namely it can lead to non-deterministic behavior or crash the JVM. iq80 Snappy is not actively maintained anymore. As quick fix users can upgrade to version 0.5.
</system-out><system-err>location: $HOME/.m2/repository/org/iq80/snappy/snappy/0.4/snappy-0.4.jar, project-references: [ test (plugins) ]</system-err></testcase></testsuite><testsuite failures="0" errors="0" time="0" id="220" name="$HOME/.m2/repository/com/github/spotbugs/spotbugs-annotations/4.9.1/spotbugs-annotations-4.9.1.jar" package="spotbugs-annotations-4.9.1.jar" skipped="0" tests="1" timestamp="2025-02-19T15:21:02.589602"><testcase classname="dependency-check" name="spotbugs-annotations-4.9.1.jar"/></testsuite><testsuite failures="0" errors="0" time="0" id="221" name="$HOME/.m2/repository/com/moandjiezana/toml/toml4j/0.7.2/toml4j-0.7.2.jar" package="toml4j-0.7.2.jar" skipped="0" tests="1" timestamp="2025-02-19T15:21:02.589602"><testcase classname="dependency-check" name="toml4j-0.7.2.jar"/></testsuite><testsuite failures="1" errors="0" time="0" id="222" name="$HOME/.m2/repository/org/apache/velocity/velocity/1.7/velocity-1.7.jar" package="velocity-1.7.jar" skipped="0" tests="1" timestamp="2025-02-19T15:21:02.589602"><testcase classname="CVE-2020-13936" name="pkg:maven/org.apache.velocity/velocity@1.7"><failure message="cvssV3: HIGH, score: 8.8 (CVSS:3.1/AV:N/AC:L/PR:L/UI:N/S:U/C:H/I:H/A:H/E:2.8/RC:R/MAV:A)"/><system-out>An attacker that is able to modify Velocity templates may execute arbitrary Java code or run arbitrary system commands with the same privileges as the account running the Servlet container. This applies to applications that allow untrusted users to upload/modify velocity templates running Apache Velocity Engine versions up to 2.2.</system-out><system-err>location: $HOME/.m2/repository/org/apache/velocity/velocity/1.7/velocity-1.7.jar, project-references: [ test (plugins) ]</system-err></testcase></testsuite><testsuite failures="0" errors="0" time="0" id="223" name="$HOME/.m2/repository/org/apache/velocity/velocity-engine-core/2.4.1/velocity-engine-core-2.4.1.jar" package="velocity-engine-core-2.4.1.jar" skipped="0" tests="1" timestamp="2025-02-19T15:21:02.589602"><testcase classname="dependency-check" name="velocity-engine-core-2.4.1.jar"/></testsuite><testsuite failures="1" errors="0" time="0" id="224" name="$HOME/.m2/repository/org/apache/velocity/velocity-tools/2.0/velocity-tools-2.0.jar" package="velocity-tools-2.0.jar" skipped="0" tests="1" timestamp="2025-02-19T15:21:02.589602"><testcase classname="CVE-2020-13959" name="pkg:maven/org.apache.velocity/velocity-tools@2.0"><failure message="cvssV3: MEDIUM, score: 6.1 (CVSS:3.1/AV:N/AC:L/PR:N/UI:R/S:C/C:L/I:L/A:N/E:2.8/RC:R/MAV:A)"/><system-out>The default error page for VelocityView in Apache Velocity Tools prior to 3.1 reflects back the vm file that was entered as part of the URL. An attacker can set an XSS payload file as this vm file in the URL which results in this payload being executed. XSS vulnerabilities allow attackers to execute arbitrary JavaScript in the context of the attacked website and the attacked user. This can be abused to steal session cookies, perform requests in the name of the victim or for phishing attacks.</system-out><system-err>location: $HOME/.m2/repository/org/apache/velocity/velocity-tools/2.0/velocity-tools-2.0.jar, project-references: [ test (plugins) ]</system-err></testcase></testsuite><testsuite failures="0" errors="0" time="0" id="225" name="$HOME/.m2/repository/org/apache/xbean/xbean-reflect/3.7/xbean-reflect-3.7.jar" package="xbean-reflect-3.7.jar" skipped="0" tests="1" timestamp="2025-02-19T15:21:02.589602"><testcase classname="dependency-check" name="xbean-reflect-3.7.jar"/></testsuite><testsuite failures="0" errors="0" time="0" id="226" name="$HOME/.m2/repository/org/tukaani/xz/1.9/xz-1.9.jar" package="xz-1.9.jar" skipped="0" tests="1" timestamp="2025-02-19T15:21:02.589602"><testcase classname="dependency-check" name="xz-1.9.jar"/></testsuite></testsuites>
